{"/Users/seth/Desktop/academicbridge/task-manager/src/components/DeleteConfirmDialog.tsx": {"path":"/Users/seth/Desktop/academicbridge/task-manager/src/components/DeleteConfirmDialog.tsx","statementMap":{"0":{"start":{"line":21,"column":0},"end":{"line":21,"column":16}},"1":{"start":{"line":1,"column":0},"end":{"line":1,"column":null}},"2":{"start":{"line":29,"column":2},"end":{"line":48,"column":null}}},"fnMap":{"0":{"name":"DeleteConfirmDialog","decl":{"start":{"line":21,"column":16},"end":{"line":21,"column":35}},"loc":{"start":{"line":28,"column":27},"end":{"line":49,"column":1}}}},"branchMap":{"0":{"loc":{"start":{"line":25,"column":2},"end":{"line":25,"column":36}},"type":"default-arg","locations":[{"start":{"line":25,"column":10},"end":{"line":25,"column":36}}]},"1":{"loc":{"start":{"line":26,"column":2},"end":{"line":26,"column":87}},"type":"default-arg","locations":[{"start":{"line":26,"column":16},"end":{"line":26,"column":87}}]},"2":{"loc":{"start":{"line":27,"column":2},"end":{"line":27,"column":20}},"type":"default-arg","locations":[{"start":{"line":27,"column":15},"end":{"line":27,"column":20}}]},"3":{"loc":{"start":{"line":43,"column":13},"end":{"line":43,"column":50}},"type":"cond-expr","locations":[{"start":{"line":43,"column":26},"end":{"line":43,"column":39}},{"start":{"line":43,"column":42},"end":{"line":43,"column":50}}]}},"s":{"0":1,"1":1,"2":7},"f":{"0":7},"b":{"0":[0],"1":[0],"2":[0],"3":[0,7]}}
,"/Users/seth/Desktop/academicbridge/task-manager/src/components/TaskCard.tsx": {"path":"/Users/seth/Desktop/academicbridge/task-manager/src/components/TaskCard.tsx","statementMap":{"0":{"start":{"line":46,"column":0},"end":{"line":46,"column":16}},"1":{"start":{"line":1,"column":0},"end":{"line":1,"column":76}},"2":{"start":{"line":2,"column":0},"end":{"line":2,"column":45}},"3":{"start":{"line":3,"column":0},"end":{"line":3,"column":47}},"4":{"start":{"line":4,"column":0},"end":{"line":4,"column":43}},"5":{"start":{"line":5,"column":0},"end":{"line":5,"column":null}},"6":{"start":{"line":11,"column":0},"end":{"line":11,"column":51}},"7":{"start":{"line":12,"column":0},"end":{"line":12,"column":54}},"8":{"start":{"line":14,"column":0},"end":{"line":14,"column":46}},"9":{"start":{"line":15,"column":0},"end":{"line":15,"column":38}},"10":{"start":{"line":16,"column":0},"end":{"line":16,"column":null}},"11":{"start":{"line":24,"column":0},"end":{"line":24,"column":32}},"12":{"start":{"line":25,"column":0},"end":{"line":25,"column":59}},"13":{"start":{"line":33,"column":23},"end":{"line":38,"column":null}},"14":{"start":{"line":40,"column":26},"end":{"line":44,"column":null}},"15":{"start":{"line":47,"column":21},"end":{"line":47,"column":36}},"16":{"start":{"line":48,"column":50},"end":{"line":48,"column":65}},"17":{"start":{"line":50,"column":23},"end":{"line":53,"column":3}},"18":{"start":{"line":51,"column":4},"end":{"line":51,"column":null}},"19":{"start":{"line":52,"column":4},"end":{"line":52,"column":null}},"20":{"start":{"line":55,"column":23},"end":{"line":55,"column":49}},"21":{"start":{"line":56,"column":26},"end":{"line":56,"column":55}},"22":{"start":{"line":57,"column":20},"end":{"line":57,"column":40}},"23":{"start":{"line":59,"column":26},"end":{"line":69,"column":3}},"24":{"start":{"line":60,"column":4},"end":{"line":60,"column":null}},"25":{"start":{"line":60,"column":42},"end":{"line":60,"column":null}},"26":{"start":{"line":61,"column":4},"end":{"line":67,"column":5}},"27":{"start":{"line":62,"column":6},"end":{"line":66,"column":7}},"28":{"start":{"line":63,"column":8},"end":{"line":63,"column":null}},"29":{"start":{"line":65,"column":8},"end":{"line":65,"column":null}},"30":{"start":{"line":68,"column":4},"end":{"line":68,"column":null}},"31":{"start":{"line":71,"column":2},"end":{"line":233,"column":null}},"32":{"start":{"line":78,"column":21},"end":{"line":78,"column":50}},"33":{"start":{"line":97,"column":16},"end":{"line":97,"column":31}},"34":{"start":{"line":118,"column":32},"end":{"line":118,"column":51}},"35":{"start":{"line":124,"column":47},"end":{"line":124,"column":61}},"36":{"start":{"line":191,"column":16},"end":{"line":192,"column":null}},"37":{"start":{"line":205,"column":36},"end":{"line":205,"column":40}}},"fnMap":{"0":{"name":"TaskCard","decl":{"start":{"line":46,"column":16},"end":{"line":46,"column":24}},"loc":{"start":{"line":46,"column":68},"end":{"line":234,"column":1}}},"1":{"name":"(anonymous_1)","decl":{"start":{"line":50,"column":23},"end":{"line":50,"column":26}},"loc":{"start":{"line":50,"column":28},"end":{"line":53,"column":3}}},"2":{"name":"(anonymous_2)","decl":{"start":{"line":59,"column":26},"end":{"line":59,"column":29}},"loc":{"start":{"line":59,"column":31},"end":{"line":69,"column":3}}},"3":{"name":"(anonymous_3)","decl":{"start":{"line":78,"column":15},"end":{"line":78,"column":18}},"loc":{"start":{"line":78,"column":21},"end":{"line":78,"column":50}}},"4":{"name":"(anonymous_4)","decl":{"start":{"line":96,"column":30},"end":{"line":96,"column":31}},"loc":{"start":{"line":97,"column":16},"end":{"line":97,"column":31}}},"5":{"name":"(anonymous_5)","decl":{"start":{"line":118,"column":25},"end":{"line":118,"column":26}},"loc":{"start":{"line":118,"column":32},"end":{"line":118,"column":51}}},"6":{"name":"(anonymous_6)","decl":{"start":{"line":124,"column":41},"end":{"line":124,"column":44}},"loc":{"start":{"line":124,"column":47},"end":{"line":124,"column":61}}},"7":{"name":"(anonymous_7)","decl":{"start":{"line":190,"column":41},"end":{"line":190,"column":42}},"loc":{"start":{"line":191,"column":16},"end":{"line":192,"column":null}}},"8":{"name":"(anonymous_8)","decl":{"start":{"line":205,"column":29},"end":{"line":205,"column":30}},"loc":{"start":{"line":205,"column":36},"end":{"line":205,"column":40}}}},"branchMap":{"0":{"loc":{"start":{"line":55,"column":23},"end":{"line":55,"column":49}},"type":"binary-expr","locations":[{"start":{"line":55,"column":23},"end":{"line":55,"column":44}},{"start":{"line":55,"column":48},"end":{"line":55,"column":49}}]},"1":{"loc":{"start":{"line":56,"column":26},"end":{"line":56,"column":55}},"type":"binary-expr","locations":[{"start":{"line":56,"column":26},"end":{"line":56,"column":50}},{"start":{"line":56,"column":54},"end":{"line":56,"column":55}}]},"2":{"loc":{"start":{"line":57,"column":20},"end":{"line":57,"column":40}},"type":"binary-expr","locations":[{"start":{"line":57,"column":20},"end":{"line":57,"column":34}},{"start":{"line":57,"column":38},"end":{"line":57,"column":40}}]},"3":{"loc":{"start":{"line":60,"column":4},"end":{"line":60,"column":null}},"type":"if","locations":[{"start":{"line":60,"column":4},"end":{"line":60,"column":null}},{"start":{},"end":{}}]},"4":{"loc":{"start":{"line":60,"column":8},"end":{"line":60,"column":40}},"type":"binary-expr","locations":[{"start":{"line":60,"column":8},"end":{"line":60,"column":23}},{"start":{"line":60,"column":27},"end":{"line":60,"column":40}}]},"5":{"loc":{"start":{"line":61,"column":4},"end":{"line":67,"column":5}},"type":"if","locations":[{"start":{"line":61,"column":4},"end":{"line":67,"column":5}},{"start":{},"end":{}}]},"6":{"loc":{"start":{"line":74,"column":17},"end":{"line":74,"column":37}},"type":"cond-expr","locations":[{"start":{"line":74,"column":30},"end":{"line":74,"column":33}},{"start":{"line":74,"column":36},"end":{"line":74,"column":37}}]},"7":{"loc":{"start":{"line":75,"column":19},"end":{"line":75,"column":63}},"type":"cond-expr","locations":[{"start":{"line":75,"column":32},"end":{"line":75,"column":46}},{"start":{"line":75,"column":49},"end":{"line":75,"column":63}}]},"8":{"loc":{"start":{"line":78,"column":21},"end":{"line":78,"column":50}},"type":"binary-expr","locations":[{"start":{"line":78,"column":21},"end":{"line":78,"column":32}},{"start":{"line":78,"column":36},"end":{"line":78,"column":50}}]},"9":{"loc":{"start":{"line":105,"column":13},"end":{"line":108,"column":null}},"type":"binary-expr","locations":[{"start":{"line":105,"column":13},"end":{"line":105,"column":29}},{"start":{"line":106,"column":14},"end":{"line":107,"column":null}}]},"10":{"loc":{"start":{"line":140,"column":9},"end":{"line":147,"column":null}},"type":"binary-expr","locations":[{"start":{"line":140,"column":9},"end":{"line":140,"column":36}},{"start":{"line":141,"column":10},"end":{"line":146,"column":null}}]},"11":{"loc":{"start":{"line":154,"column":13},"end":{"line":161,"column":null}},"type":"binary-expr","locations":[{"start":{"line":154,"column":13},"end":{"line":154,"column":30}},{"start":{"line":155,"column":14},"end":{"line":160,"column":null}}]},"12":{"loc":{"start":{"line":165,"column":13},"end":{"line":172,"column":null}},"type":"binary-expr","locations":[{"start":{"line":165,"column":13},"end":{"line":165,"column":29}},{"start":{"line":166,"column":14},"end":{"line":171,"column":null}}]},"13":{"loc":{"start":{"line":176,"column":13},"end":{"line":183,"column":null}},"type":"binary-expr","locations":[{"start":{"line":176,"column":13},"end":{"line":176,"column":32}},{"start":{"line":177,"column":14},"end":{"line":182,"column":null}}]},"14":{"loc":{"start":{"line":188,"column":11},"end":{"line":219,"column":null}},"type":"binary-expr","locations":[{"start":{"line":188,"column":11},"end":{"line":188,"column":31}},{"start":{"line":189,"column":12},"end":{"line":218,"column":null}}]},"15":{"loc":{"start":{"line":201,"column":44},"end":{"line":201,"column":74}},"type":"binary-expr","locations":[{"start":{"line":201,"column":44},"end":{"line":201,"column":58}},{"start":{"line":201,"column":62},"end":{"line":201,"column":74}}]},"16":{"loc":{"start":{"line":212,"column":15},"end":{"line":217,"column":null}},"type":"binary-expr","locations":[{"start":{"line":212,"column":15},"end":{"line":212,"column":35}},{"start":{"line":213,"column":16},"end":{"line":216,"column":null}}]}},"s":{"0":1,"1":1,"2":1,"3":1,"4":1,"5":1,"6":1,"7":1,"8":1,"9":1,"10":1,"11":1,"12":1,"13":1,"14":1,"15":7,"16":7,"17":7,"18":0,"19":0,"20":7,"21":7,"22":7,"23":7,"24":7,"25":7,"26":0,"27":0,"28":0,"29":0,"30":0,"31":7,"32":1,"33":14,"34":1,"35":1,"36":7,"37":14},"f":{"0":7,"1":0,"2":7,"3":1,"4":14,"5":1,"6":1,"7":7,"8":14},"b":{"0":[7,0],"1":[7,7],"2":[7,0],"3":[7,0],"4":[7,7],"5":[0,0],"6":[1,6],"7":[1,6],"8":[1,1],"9":[7,7],"10":[7,7],"11":[7,0],"12":[7,7],"13":[7,0],"14":[7,7],"15":[7,0],"16":[7,0]}}
,"/Users/seth/Desktop/academicbridge/task-manager/src/components/TaskModal.tsx": {"path":"/Users/seth/Desktop/academicbridge/task-manager/src/components/TaskModal.tsx","statementMap":{"0":{"start":{"line":52,"column":0},"end":{"line":52,"column":16}},"1":{"start":{"line":1,"column":0},"end":{"line":1,"column":47}},"2":{"start":{"line":2,"column":0},"end":{"line":2,"column":51}},"3":{"start":{"line":3,"column":0},"end":{"line":3,"column":null}},"4":{"start":{"line":10,"column":0},"end":{"line":10,"column":45}},"5":{"start":{"line":11,"column":0},"end":{"line":11,"column":45}},"6":{"start":{"line":12,"column":0},"end":{"line":12,"column":null}},"7":{"start":{"line":17,"column":0},"end":{"line":17,"column":null}},"8":{"start":{"line":24,"column":0},"end":{"line":24,"column":47}},"9":{"start":{"line":25,"column":0},"end":{"line":25,"column":51}},"10":{"start":{"line":26,"column":0},"end":{"line":26,"column":69}},"11":{"start":{"line":28,"column":0},"end":{"line":28,"column":32}},"12":{"start":{"line":29,"column":0},"end":{"line":29,"column":33}},"13":{"start":{"line":30,"column":0},"end":{"line":30,"column":43}},"14":{"start":{"line":31,"column":0},"end":{"line":31,"column":43}},"15":{"start":{"line":32,"column":0},"end":{"line":32,"column":41}},"16":{"start":{"line":33,"column":0},"end":{"line":33,"column":46}},"17":{"start":{"line":58,"column":21},"end":{"line":58,"column":36}},"18":{"start":{"line":59,"column":21},"end":{"line":59,"column":36}},"19":{"start":{"line":60,"column":16},"end":{"line":60,"column":32}},"20":{"start":{"line":62,"column":36},"end":{"line":62,"column":52}},"21":{"start":{"line":63,"column":32},"end":{"line":63,"column":48}},"22":{"start":{"line":64,"column":34},"end":{"line":64,"column":45}},"23":{"start":{"line":73,"column":6},"end":{"line":81,"column":4}},"24":{"start":{"line":84,"column":17},"end":{"line":84,"column":32}},"25":{"start":{"line":85,"column":19},"end":{"line":85,"column":36}},"26":{"start":{"line":87,"column":2},"end":{"line":109,"column":null}},"27":{"start":{"line":88,"column":4},"end":{"line":108,"column":5}},"28":{"start":{"line":89,"column":6},"end":{"line":89,"column":null}},"29":{"start":{"line":90,"column":6},"end":{"line":90,"column":null}},"30":{"start":{"line":91,"column":6},"end":{"line":91,"column":null}},"31":{"start":{"line":92,"column":6},"end":{"line":92,"column":null}},"32":{"start":{"line":93,"column":6},"end":{"line":93,"column":null}},"33":{"start":{"line":94,"column":6},"end":{"line":94,"column":null}},"34":{"start":{"line":95,"column":6},"end":{"line":95,"column":null}},"35":{"start":{"line":95,"column":26},"end":{"line":95,"column":null}},"36":{"start":{"line":96,"column":6},"end":{"line":96,"column":null}},"37":{"start":{"line":96,"column":24},"end":{"line":96,"column":null}},"38":{"start":{"line":98,"column":6},"end":{"line":104,"column":null}},"39":{"start":{"line":105,"column":6},"end":{"line":105,"column":null}},"40":{"start":{"line":106,"column":6},"end":{"line":106,"column":null}},"41":{"start":{"line":107,"column":6},"end":{"line":107,"column":null}},"42":{"start":{"line":111,"column":19},"end":{"line":133,"column":3}},"43":{"start":{"line":112,"column":4},"end":{"line":132,"column":5}},"44":{"start":{"line":113,"column":23},"end":{"line":118,"column":null}},"45":{"start":{"line":120,"column":6},"end":{"line":124,"column":7}},"46":{"start":{"line":121,"column":8},"end":{"line":121,"column":null}},"47":{"start":{"line":123,"column":8},"end":{"line":123,"column":null}},"48":{"start":{"line":125,"column":6},"end":{"line":125,"column":null}},"49":{"start":{"line":126,"column":6},"end":{"line":126,"column":null}},"50":{"start":{"line":127,"column":6},"end":{"line":127,"column":null}},"51":{"start":{"line":128,"column":6},"end":{"line":128,"column":null}},"52":{"start":{"line":129,"column":6},"end":{"line":129,"column":null}},"53":{"start":{"line":131,"column":26},"end":{"line":131,"column":null}},"54":{"start":{"line":135,"column":2},"end":{"line":295,"column":null}},"55":{"start":{"line":177,"column":18},"end":{"line":177,"column":57}},"56":{"start":{"line":196,"column":18},"end":{"line":196,"column":61}},"57":{"start":{"line":274,"column":40},"end":{"line":274,"column":61}},"58":{"start":{"line":303,"column":85},"end":{"line":303,"column":46336}},"59":{"start":{"line":303,"column":89},"end":{"line":303,"column":46308}},"60":{"start":{"line":303,"column":46318},"end":{"line":303,"column":46335}},"61":{"start":{"line":303,"column":46451},"end":{"line":303,"column":46457}},"62":{"start":{"line":303,"column":46572},"end":{"line":303,"column":46578}},"63":{"start":{"line":303,"column":46693},"end":{"line":303,"column":46699}},"64":{"start":{"line":303,"column":46818},"end":{"line":303,"column":46824}},"65":{"start":{"line":303,"column":46968},"end":{"line":303,"column":46974}}},"fnMap":{"0":{"name":"TaskModal","decl":{"start":{"line":52,"column":16},"end":{"line":52,"column":25}},"loc":{"start":{"line":57,"column":17},"end":{"line":296,"column":1}}},"1":{"name":"(anonymous_1)","decl":{"start":{"line":87,"column":12},"end":{"line":87,"column":15}},"loc":{"start":{"line":87,"column":17},"end":{"line":109,"column":3}}},"2":{"name":"(anonymous_2)","decl":{"start":{"line":111,"column":19},"end":{"line":111,"column":24}},"loc":{"start":{"line":111,"column":48},"end":{"line":133,"column":3}}},"3":{"name":"(anonymous_3)","decl":{"start":{"line":176,"column":31},"end":{"line":176,"column":32}},"loc":{"start":{"line":177,"column":18},"end":{"line":177,"column":57}}},"4":{"name":"(anonymous_4)","decl":{"start":{"line":195,"column":31},"end":{"line":195,"column":32}},"loc":{"start":{"line":196,"column":18},"end":{"line":196,"column":61}}},"5":{"name":"(anonymous_5)","decl":{"start":{"line":274,"column":29},"end":{"line":274,"column":30}},"loc":{"start":{"line":274,"column":40},"end":{"line":274,"column":61}}},"6":{"name":"oo_cm","decl":{"start":{"line":303,"column":77},"end":{"line":303,"column":82}},"loc":{"start":{"line":303,"column":82},"end":{"line":303,"column":46337}}}},"branchMap":{"0":{"loc":{"start":{"line":77,"column":14},"end":{"line":77,"column":37}},"type":"binary-expr","locations":[{"start":{"line":77,"column":14},"end":{"line":77,"column":27}},{"start":{"line":77,"column":31},"end":{"line":77,"column":37}}]},"1":{"loc":{"start":{"line":88,"column":4},"end":{"line":108,"column":5}},"type":"if","locations":[{"start":{"line":88,"column":4},"end":{"line":108,"column":5}},{"start":{"line":97,"column":11},"end":{"line":108,"column":5}}]},"2":{"loc":{"start":{"line":90,"column":30},"end":{"line":90,"column":52}},"type":"binary-expr","locations":[{"start":{"line":90,"column":30},"end":{"line":90,"column":46}},{"start":{"line":90,"column":50},"end":{"line":90,"column":52}}]},"3":{"loc":{"start":{"line":93,"column":27},"end":{"line":93,"column":45}},"type":"binary-expr","locations":[{"start":{"line":93,"column":27},"end":{"line":93,"column":40}},{"start":{"line":93,"column":44},"end":{"line":93,"column":45}}]},"4":{"loc":{"start":{"line":94,"column":18},"end":{"line":94,"column":36}},"type":"binary-expr","locations":[{"start":{"line":94,"column":18},"end":{"line":94,"column":31}},{"start":{"line":94,"column":35},"end":{"line":94,"column":36}}]},"5":{"loc":{"start":{"line":95,"column":6},"end":{"line":95,"column":null}},"type":"if","locations":[{"start":{"line":95,"column":6},"end":{"line":95,"column":null}},{"start":{},"end":{}}]},"6":{"loc":{"start":{"line":96,"column":6},"end":{"line":96,"column":null}},"type":"if","locations":[{"start":{"line":96,"column":6},"end":{"line":96,"column":null}},{"start":{},"end":{}}]},"7":{"loc":{"start":{"line":101,"column":16},"end":{"line":101,"column":39}},"type":"binary-expr","locations":[{"start":{"line":101,"column":16},"end":{"line":101,"column":29}},{"start":{"line":101,"column":33},"end":{"line":101,"column":39}}]},"8":{"loc":{"start":{"line":120,"column":6},"end":{"line":124,"column":7}},"type":"if","locations":[{"start":{"line":120,"column":6},"end":{"line":124,"column":7}},{"start":{"line":122,"column":13},"end":{"line":124,"column":7}}]},"9":{"loc":{"start":{"line":139,"column":24},"end":{"line":139,"column":62}},"type":"cond-expr","locations":[{"start":{"line":139,"column":31},"end":{"line":139,"column":44}},{"start":{"line":139,"column":47},"end":{"line":139,"column":62}}]},"10":{"loc":{"start":{"line":141,"column":13},"end":{"line":141,"column":51}},"type":"cond-expr","locations":[{"start":{"line":141,"column":20},"end":{"line":141,"column":35}},{"start":{"line":141,"column":38},"end":{"line":141,"column":51}}]},"11":{"loc":{"start":{"line":154,"column":13},"end":{"line":157,"column":null}},"type":"binary-expr","locations":[{"start":{"line":154,"column":13},"end":{"line":154,"column":25}},{"start":{"line":155,"column":14},"end":{"line":156,"column":null}}]},"12":{"loc":{"start":{"line":221,"column":22},"end":{"line":221,"column":59}},"type":"binary-expr","locations":[{"start":{"line":221,"column":22},"end":{"line":221,"column":32}},{"start":{"line":221,"column":36},"end":{"line":221,"column":59}}]},"13":{"loc":{"start":{"line":225,"column":21},"end":{"line":225,"column":73}},"type":"cond-expr","locations":[{"start":{"line":225,"column":33},"end":{"line":225,"column":57}},{"start":{"line":225,"column":60},"end":{"line":225,"column":73}}]},"14":{"loc":{"start":{"line":247,"column":22},"end":{"line":247,"column":57}},"type":"binary-expr","locations":[{"start":{"line":247,"column":22},"end":{"line":247,"column":30}},{"start":{"line":247,"column":34},"end":{"line":247,"column":57}}]},"15":{"loc":{"start":{"line":251,"column":21},"end":{"line":251,"column":69}},"type":"cond-expr","locations":[{"start":{"line":251,"column":31},"end":{"line":251,"column":53}},{"start":{"line":251,"column":56},"end":{"line":251,"column":69}}]},"16":{"loc":{"start":{"line":287,"column":24},"end":{"line":287,"column":68}},"type":"binary-expr","locations":[{"start":{"line":287,"column":24},"end":{"line":287,"column":44}},{"start":{"line":287,"column":48},"end":{"line":287,"column":68}}]},"17":{"loc":{"start":{"line":289,"column":15},"end":{"line":289,"column":55}},"type":"cond-expr","locations":[{"start":{"line":289,"column":22},"end":{"line":289,"column":37}},{"start":{"line":289,"column":40},"end":{"line":289,"column":55}}]},"18":{"loc":{"start":{"line":303,"column":96},"end":{"line":303,"column":46307}},"type":"binary-expr","locations":[{"start":{"line":303,"column":96},"end":{"line":303,"column":133}},{"start":{"line":303,"column":137},"end":{"line":303,"column":46307}}]}},"s":{"0":1,"1":1,"2":1,"3":1,"4":1,"5":1,"6":1,"7":1,"8":1,"9":1,"10":1,"11":1,"12":1,"13":1,"14":1,"15":1,"16":1,"17":11,"18":11,"19":11,"20":11,"21":11,"22":11,"23":11,"24":11,"25":11,"26":11,"27":5,"28":1,"29":1,"30":1,"31":1,"32":1,"33":1,"34":1,"35":0,"36":1,"37":0,"38":4,"39":4,"40":4,"41":4,"42":11,"43":0,"44":0,"45":0,"46":0,"47":0,"48":0,"49":0,"50":0,"51":0,"52":0,"53":0,"54":11,"55":0,"56":0,"57":0,"58":0,"59":0,"60":0,"61":1,"62":1,"63":1,"64":1,"65":1},"f":{"0":11,"1":5,"2":0,"3":0,"4":0,"5":0,"6":0},"b":{"0":[11,11],"1":[1,4],"2":[1,0],"3":[1,1],"4":[1,1],"5":[0,1],"6":[0,1],"7":[4,4],"8":[0,0],"9":[2,9],"10":[2,9],"11":[11,1],"12":[11,11],"13":[0,11],"14":[11,11],"15":[0,11],"16":[11,11],"17":[2,9],"18":[0,0]}}
,"/Users/seth/Desktop/academicbridge/task-manager/src/components/ui/alert-dialog.tsx": {"path":"/Users/seth/Desktop/academicbridge/task-manager/src/components/ui/alert-dialog.tsx","statementMap":{"0":{"start":{"line":1,"column":0},"end":{"line":1,"column":30}},"1":{"start":{"line":2,"column":0},"end":{"line":2,"column":68}},"2":{"start":{"line":4,"column":0},"end":{"line":4,"column":32}},"3":{"start":{"line":5,"column":0},"end":{"line":5,"column":55}},"4":{"start":{"line":7,"column":20},"end":{"line":7,"column":45}},"5":{"start":{"line":128,"column":2},"end":{"line":128,"column":13}},"6":{"start":{"line":9,"column":27},"end":{"line":9,"column":55}},"7":{"start":{"line":131,"column":2},"end":{"line":131,"column":20}},"8":{"start":{"line":11,"column":26},"end":{"line":11,"column":53}},"9":{"start":{"line":129,"column":2},"end":{"line":129,"column":19}},"10":{"start":{"line":13,"column":27},"end":{"line":25,"column":2}},"11":{"start":{"line":17,"column":2},"end":{"line":23,"column":null}},"12":{"start":{"line":130,"column":2},"end":{"line":130,"column":20}},"13":{"start":{"line":26,"column":0},"end":{"line":26,"column":null}},"14":{"start":{"line":28,"column":27},"end":{"line":43,"column":2}},"15":{"start":{"line":32,"column":2},"end":{"line":41,"column":null}},"16":{"start":{"line":132,"column":2},"end":{"line":132,"column":20}},"17":{"start":{"line":44,"column":0},"end":{"line":44,"column":null}},"18":{"start":{"line":46,"column":26},"end":{"line":56,"column":null}},"19":{"start":{"line":50,"column":2},"end":{"line":55,"column":null}},"20":{"start":{"line":133,"column":2},"end":{"line":133,"column":19}},"21":{"start":{"line":58,"column":0},"end":{"line":58,"column":null}},"22":{"start":{"line":60,"column":26},"end":{"line":70,"column":null}},"23":{"start":{"line":64,"column":2},"end":{"line":69,"column":null}},"24":{"start":{"line":134,"column":2},"end":{"line":134,"column":19}},"25":{"start":{"line":72,"column":0},"end":{"line":72,"column":null}},"26":{"start":{"line":74,"column":25},"end":{"line":83,"column":2}},"27":{"start":{"line":78,"column":2},"end":{"line":81,"column":null}},"28":{"start":{"line":135,"column":2},"end":{"line":135,"column":18}},"29":{"start":{"line":84,"column":0},"end":{"line":84,"column":null}},"30":{"start":{"line":86,"column":31},"end":{"line":95,"column":2}},"31":{"start":{"line":90,"column":2},"end":{"line":93,"column":null}},"32":{"start":{"line":136,"column":2},"end":{"line":136,"column":24}},"33":{"start":{"line":96,"column":0},"end":{"line":97,"column":null}},"34":{"start":{"line":99,"column":26},"end":{"line":108,"column":2}},"35":{"start":{"line":103,"column":2},"end":{"line":106,"column":null}},"36":{"start":{"line":137,"column":2},"end":{"line":137,"column":19}},"37":{"start":{"line":109,"column":0},"end":{"line":109,"column":null}},"38":{"start":{"line":111,"column":26},"end":{"line":124,"column":2}},"39":{"start":{"line":115,"column":2},"end":{"line":122,"column":null}},"40":{"start":{"line":138,"column":2},"end":{"line":138,"column":19}},"41":{"start":{"line":125,"column":0},"end":{"line":125,"column":null}}},"fnMap":{"0":{"name":"(anonymous_0)","decl":{"start":{"line":16,"column":2},"end":{"line":16,"column":3}},"loc":{"start":{"line":17,"column":2},"end":{"line":23,"column":null}}},"1":{"name":"(anonymous_1)","decl":{"start":{"line":31,"column":2},"end":{"line":31,"column":3}},"loc":{"start":{"line":32,"column":2},"end":{"line":41,"column":null}}},"2":{"name":"(anonymous_2)","decl":{"start":{"line":46,"column":26},"end":{"line":46,"column":27}},"loc":{"start":{"line":50,"column":2},"end":{"line":55,"column":null}}},"3":{"name":"(anonymous_3)","decl":{"start":{"line":60,"column":26},"end":{"line":60,"column":27}},"loc":{"start":{"line":64,"column":2},"end":{"line":69,"column":null}}},"4":{"name":"(anonymous_4)","decl":{"start":{"line":77,"column":2},"end":{"line":77,"column":3}},"loc":{"start":{"line":78,"column":2},"end":{"line":81,"column":null}}},"5":{"name":"(anonymous_5)","decl":{"start":{"line":89,"column":2},"end":{"line":89,"column":3}},"loc":{"start":{"line":90,"column":2},"end":{"line":93,"column":null}}},"6":{"name":"(anonymous_6)","decl":{"start":{"line":102,"column":2},"end":{"line":102,"column":3}},"loc":{"start":{"line":103,"column":2},"end":{"line":106,"column":null}}},"7":{"name":"(anonymous_7)","decl":{"start":{"line":114,"column":2},"end":{"line":114,"column":3}},"loc":{"start":{"line":115,"column":2},"end":{"line":122,"column":null}}}},"branchMap":{},"s":{"0":1,"1":1,"2":1,"3":1,"4":1,"5":1,"6":1,"7":1,"8":1,"9":1,"10":1,"11":0,"12":1,"13":1,"14":1,"15":7,"16":1,"17":1,"18":1,"19":0,"20":1,"21":1,"22":1,"23":0,"24":1,"25":1,"26":1,"27":0,"28":1,"29":1,"30":1,"31":0,"32":1,"33":1,"34":1,"35":0,"36":1,"37":1,"38":1,"39":0,"40":1,"41":1},"f":{"0":0,"1":7,"2":0,"3":0,"4":0,"5":0,"6":0,"7":0},"b":{}}
,"/Users/seth/Desktop/academicbridge/task-manager/src/components/ui/avatar.tsx": {"path":"/Users/seth/Desktop/academicbridge/task-manager/src/components/ui/avatar.tsx","statementMap":{"0":{"start":{"line":3,"column":0},"end":{"line":3,"column":30}},"1":{"start":{"line":4,"column":0},"end":{"line":4,"column":57}},"2":{"start":{"line":6,"column":0},"end":{"line":6,"column":32}},"3":{"start":{"line":8,"column":15},"end":{"line":20,"column":2}},"4":{"start":{"line":12,"column":2},"end":{"line":18,"column":null}},"5":{"start":{"line":50,"column":9},"end":{"line":50,"column":15}},"6":{"start":{"line":21,"column":0},"end":{"line":21,"column":null}},"7":{"start":{"line":23,"column":20},"end":{"line":32,"column":2}},"8":{"start":{"line":27,"column":2},"end":{"line":30,"column":null}},"9":{"start":{"line":50,"column":17},"end":{"line":50,"column":28}},"10":{"start":{"line":33,"column":0},"end":{"line":33,"column":null}},"11":{"start":{"line":35,"column":23},"end":{"line":47,"column":2}},"12":{"start":{"line":39,"column":2},"end":{"line":45,"column":null}},"13":{"start":{"line":50,"column":30},"end":{"line":50,"column":44}},"14":{"start":{"line":48,"column":0},"end":{"line":48,"column":null}}},"fnMap":{"0":{"name":"(anonymous_0)","decl":{"start":{"line":11,"column":2},"end":{"line":11,"column":3}},"loc":{"start":{"line":12,"column":2},"end":{"line":18,"column":null}}},"1":{"name":"(anonymous_1)","decl":{"start":{"line":26,"column":2},"end":{"line":26,"column":3}},"loc":{"start":{"line":27,"column":2},"end":{"line":30,"column":null}}},"2":{"name":"(anonymous_2)","decl":{"start":{"line":38,"column":2},"end":{"line":38,"column":3}},"loc":{"start":{"line":39,"column":2},"end":{"line":45,"column":null}}}},"branchMap":{},"s":{"0":1,"1":1,"2":1,"3":1,"4":7,"5":1,"6":1,"7":1,"8":7,"9":1,"10":1,"11":1,"12":7,"13":1,"14":1},"f":{"0":7,"1":7,"2":7},"b":{}}
,"/Users/seth/Desktop/academicbridge/task-manager/src/components/ui/badge.tsx": {"path":"/Users/seth/Desktop/academicbridge/task-manager/src/components/ui/badge.tsx","statementMap":{"0":{"start":{"line":36,"column":9},"end":{"line":36,"column":14}},"1":{"start":{"line":1,"column":0},"end":{"line":1,"column":30}},"2":{"start":{"line":2,"column":0},"end":{"line":2,"column":65}},"3":{"start":{"line":4,"column":0},"end":{"line":4,"column":32}},"4":{"start":{"line":6,"column":22},"end":{"line":23,"column":null}},"5":{"start":{"line":36,"column":16},"end":{"line":36,"column":29}},"6":{"start":{"line":31,"column":2},"end":{"line":33,"column":null}}},"fnMap":{"0":{"name":"Badge","decl":{"start":{"line":30,"column":9},"end":{"line":30,"column":14}},"loc":{"start":{"line":30,"column":59},"end":{"line":34,"column":1}}}},"branchMap":{},"s":{"0":1,"1":1,"2":1,"3":1,"4":1,"5":1,"6":21},"f":{"0":21},"b":{}}
,"/Users/seth/Desktop/academicbridge/task-manager/src/components/ui/button.tsx": {"path":"/Users/seth/Desktop/academicbridge/task-manager/src/components/ui/button.tsx","statementMap":{"0":{"start":{"line":1,"column":0},"end":{"line":1,"column":30}},"1":{"start":{"line":2,"column":0},"end":{"line":2,"column":43}},"2":{"start":{"line":3,"column":0},"end":{"line":3,"column":65}},"3":{"start":{"line":5,"column":0},"end":{"line":5,"column":32}},"4":{"start":{"line":7,"column":23},"end":{"line":34,"column":null}},"5":{"start":{"line":57,"column":17},"end":{"line":57,"column":31}},"6":{"start":{"line":43,"column":15},"end":{"line":53,"column":null}},"7":{"start":{"line":45,"column":17},"end":{"line":45,"column":42}},"8":{"start":{"line":46,"column":4},"end":{"line":52,"column":null}},"9":{"start":{"line":57,"column":9},"end":{"line":57,"column":15}},"10":{"start":{"line":55,"column":0},"end":{"line":55,"column":null}}},"fnMap":{"0":{"name":"(anonymous_0)","decl":{"start":{"line":44,"column":2},"end":{"line":44,"column":3}},"loc":{"start":{"line":44,"column":67},"end":{"line":53,"column":3}}}},"branchMap":{"0":{"loc":{"start":{"line":44,"column":31},"end":{"line":44,"column":46}},"type":"default-arg","locations":[{"start":{"line":44,"column":41},"end":{"line":44,"column":46}}]},"1":{"loc":{"start":{"line":45,"column":17},"end":{"line":45,"column":42}},"type":"cond-expr","locations":[{"start":{"line":45,"column":27},"end":{"line":45,"column":31}},{"start":{"line":45,"column":34},"end":{"line":45,"column":42}}]}},"s":{"0":2,"1":2,"2":2,"3":2,"4":2,"5":2,"6":2,"7":50,"8":50,"9":2,"10":2},"f":{"0":50},"b":{"0":[50],"1":[0,50]}}
,"/Users/seth/Desktop/academicbridge/task-manager/src/components/ui/calendar.tsx": {"path":"/Users/seth/Desktop/academicbridge/task-manager/src/components/ui/calendar.tsx","statementMap":{"0":{"start":{"line":211,"column":9},"end":{"line":211,"column":17}},"1":{"start":{"line":211,"column":19},"end":{"line":211,"column":36}},"2":{"start":{"line":1,"column":0},"end":{"line":1,"column":30}},"3":{"start":{"line":2,"column":0},"end":{"line":2,"column":null}},"4":{"start":{"line":7,"column":0},"end":{"line":7,"column":77}},"5":{"start":{"line":9,"column":0},"end":{"line":9,"column":32}},"6":{"start":{"line":10,"column":0},"end":{"line":10,"column":63}},"7":{"start":{"line":24,"column":28},"end":{"line":24,"column":50}},"8":{"start":{"line":26,"column":2},"end":{"line":170,"column":null}},"9":{"start":{"line":38,"column":10},"end":{"line":38,"column":60}},"10":{"start":{"line":127,"column":10},"end":{"line":134,"column":null}},"11":{"start":{"line":137,"column":10},"end":{"line":141,"column":11}},"12":{"start":{"line":138,"column":12},"end":{"line":140,"column":null}},"13":{"start":{"line":143,"column":10},"end":{"line":150,"column":11}},"14":{"start":{"line":144,"column":12},"end":{"line":149,"column":null}},"15":{"start":{"line":152,"column":10},"end":{"line":154,"column":null}},"16":{"start":{"line":158,"column":10},"end":{"line":164,"column":null}},"17":{"start":{"line":179,"column":28},"end":{"line":179,"column":50}},"18":{"start":{"line":181,"column":14},"end":{"line":181,"column":51}},"19":{"start":{"line":182,"column":2},"end":{"line":184,"column":null}},"20":{"start":{"line":183,"column":4},"end":{"line":183,"column":null}},"21":{"start":{"line":183,"column":27},"end":{"line":183,"column":null}},"22":{"start":{"line":186,"column":2},"end":{"line":208,"column":null}}},"fnMap":{"0":{"name":"Calendar","decl":{"start":{"line":12,"column":9},"end":{"line":12,"column":17}},"loc":{"start":{"line":23,"column":1},"end":{"line":171,"column":1}}},"1":{"name":"(anonymous_1)","decl":{"start":{"line":37,"column":29},"end":{"line":37,"column":30}},"loc":{"start":{"line":38,"column":10},"end":{"line":38,"column":60}}},"2":{"name":"(anonymous_2)","decl":{"start":{"line":126,"column":14},"end":{"line":126,"column":15}},"loc":{"start":{"line":126,"column":51},"end":{"line":135,"column":9}}},"3":{"name":"(anonymous_3)","decl":{"start":{"line":136,"column":17},"end":{"line":136,"column":18}},"loc":{"start":{"line":136,"column":58},"end":{"line":155,"column":9}}},"4":{"name":"(anonymous_4)","decl":{"start":{"line":157,"column":20},"end":{"line":157,"column":21}},"loc":{"start":{"line":157,"column":47},"end":{"line":165,"column":9}}},"5":{"name":"CalendarDayButton","decl":{"start":{"line":173,"column":9},"end":{"line":173,"column":26}},"loc":{"start":{"line":178,"column":41},"end":{"line":209,"column":1}}},"6":{"name":"(anonymous_6)","decl":{"start":{"line":182,"column":18},"end":{"line":182,"column":21}},"loc":{"start":{"line":182,"column":23},"end":{"line":184,"column":3}}}},"branchMap":{"0":{"loc":{"start":{"line":15,"column":2},"end":{"line":15,"column":24}},"type":"default-arg","locations":[{"start":{"line":15,"column":20},"end":{"line":15,"column":24}}]},"1":{"loc":{"start":{"line":16,"column":2},"end":{"line":16,"column":25}},"type":"default-arg","locations":[{"start":{"line":16,"column":18},"end":{"line":16,"column":25}}]},"2":{"loc":{"start":{"line":17,"column":2},"end":{"line":17,"column":25}},"type":"default-arg","locations":[{"start":{"line":17,"column":18},"end":{"line":17,"column":25}}]},"3":{"loc":{"start":{"line":80,"column":10},"end":{"line":82,"column":119}},"type":"cond-expr","locations":[{"start":{"line":81,"column":14},"end":{"line":81,"column":23}},{"start":{"line":82,"column":14},"end":{"line":82,"column":119}}]},"4":{"loc":{"start":{"line":137,"column":10},"end":{"line":141,"column":11}},"type":"if","locations":[{"start":{"line":137,"column":10},"end":{"line":141,"column":11}},{"start":{},"end":{}}]},"5":{"loc":{"start":{"line":143,"column":10},"end":{"line":150,"column":11}},"type":"if","locations":[{"start":{"line":143,"column":10},"end":{"line":150,"column":11}},{"start":{},"end":{}}]},"6":{"loc":{"start":{"line":183,"column":4},"end":{"line":183,"column":null}},"type":"if","locations":[{"start":{"line":183,"column":4},"end":{"line":183,"column":null}},{"start":{},"end":{}}]},"7":{"loc":{"start":{"line":193,"column":8},"end":{"line":196,"column":31}},"type":"binary-expr","locations":[{"start":{"line":193,"column":8},"end":{"line":193,"column":26}},{"start":{"line":194,"column":8},"end":{"line":194,"column":30}},{"start":{"line":195,"column":8},"end":{"line":195,"column":28}},{"start":{"line":196,"column":8},"end":{"line":196,"column":31}}]}},"s":{"0":1,"1":1,"2":1,"3":1,"4":1,"5":1,"6":1,"7":0,"8":0,"9":0,"10":0,"11":0,"12":0,"13":0,"14":0,"15":0,"16":0,"17":0,"18":0,"19":0,"20":0,"21":0,"22":0},"f":{"0":0,"1":0,"2":0,"3":0,"4":0,"5":0,"6":0},"b":{"0":[0],"1":[0],"2":[0],"3":[0,0],"4":[0,0],"5":[0,0],"6":[0,0],"7":[0,0,0,0]}}
,"/Users/seth/Desktop/academicbridge/task-manager/src/components/ui/card.tsx": {"path":"/Users/seth/Desktop/academicbridge/task-manager/src/components/ui/card.tsx","statementMap":{"0":{"start":{"line":1,"column":0},"end":{"line":1,"column":30}},"1":{"start":{"line":3,"column":0},"end":{"line":3,"column":32}},"2":{"start":{"line":5,"column":13},"end":{"line":17,"column":2}},"3":{"start":{"line":9,"column":2},"end":{"line":15,"column":null}},"4":{"start":{"line":76,"column":9},"end":{"line":76,"column":13}},"5":{"start":{"line":18,"column":0},"end":{"line":18,"column":null}},"6":{"start":{"line":20,"column":19},"end":{"line":29,"column":2}},"7":{"start":{"line":24,"column":2},"end":{"line":27,"column":null}},"8":{"start":{"line":76,"column":15},"end":{"line":76,"column":25}},"9":{"start":{"line":30,"column":0},"end":{"line":30,"column":null}},"10":{"start":{"line":32,"column":18},"end":{"line":41,"column":2}},"11":{"start":{"line":36,"column":2},"end":{"line":39,"column":null}},"12":{"start":{"line":76,"column":39},"end":{"line":76,"column":48}},"13":{"start":{"line":42,"column":0},"end":{"line":42,"column":null}},"14":{"start":{"line":44,"column":24},"end":{"line":53,"column":2}},"15":{"start":{"line":48,"column":2},"end":{"line":51,"column":null}},"16":{"start":{"line":76,"column":50},"end":{"line":76,"column":65}},"17":{"start":{"line":54,"column":0},"end":{"line":54,"column":null}},"18":{"start":{"line":56,"column":20},"end":{"line":61,"column":2}},"19":{"start":{"line":60,"column":2},"end":{"line":60,"column":68}},"20":{"start":{"line":76,"column":67},"end":{"line":76,"column":78}},"21":{"start":{"line":62,"column":0},"end":{"line":62,"column":null}},"22":{"start":{"line":64,"column":19},"end":{"line":73,"column":2}},"23":{"start":{"line":68,"column":2},"end":{"line":71,"column":null}},"24":{"start":{"line":76,"column":27},"end":{"line":76,"column":37}},"25":{"start":{"line":74,"column":0},"end":{"line":74,"column":null}}},"fnMap":{"0":{"name":"(anonymous_0)","decl":{"start":{"line":8,"column":2},"end":{"line":8,"column":3}},"loc":{"start":{"line":9,"column":2},"end":{"line":15,"column":null}}},"1":{"name":"(anonymous_1)","decl":{"start":{"line":23,"column":2},"end":{"line":23,"column":3}},"loc":{"start":{"line":24,"column":2},"end":{"line":27,"column":null}}},"2":{"name":"(anonymous_2)","decl":{"start":{"line":35,"column":2},"end":{"line":35,"column":3}},"loc":{"start":{"line":36,"column":2},"end":{"line":39,"column":null}}},"3":{"name":"(anonymous_3)","decl":{"start":{"line":47,"column":2},"end":{"line":47,"column":3}},"loc":{"start":{"line":48,"column":2},"end":{"line":51,"column":null}}},"4":{"name":"(anonymous_4)","decl":{"start":{"line":59,"column":2},"end":{"line":59,"column":3}},"loc":{"start":{"line":60,"column":2},"end":{"line":60,"column":68}}},"5":{"name":"(anonymous_5)","decl":{"start":{"line":67,"column":2},"end":{"line":67,"column":3}},"loc":{"start":{"line":68,"column":2},"end":{"line":71,"column":null}}}},"branchMap":{},"s":{"0":1,"1":1,"2":1,"3":7,"4":1,"5":1,"6":1,"7":0,"8":1,"9":1,"10":1,"11":0,"12":1,"13":1,"14":1,"15":0,"16":1,"17":1,"18":1,"19":0,"20":1,"21":1,"22":1,"23":0,"24":1,"25":1},"f":{"0":7,"1":0,"2":0,"3":0,"4":0,"5":0},"b":{}}
,"/Users/seth/Desktop/academicbridge/task-manager/src/components/ui/dialog.tsx": {"path":"/Users/seth/Desktop/academicbridge/task-manager/src/components/ui/dialog.tsx","statementMap":{"0":{"start":{"line":1,"column":0},"end":{"line":1,"column":30}},"1":{"start":{"line":2,"column":0},"end":{"line":2,"column":57}},"2":{"start":{"line":3,"column":0},"end":{"line":3,"column":32}},"3":{"start":{"line":5,"column":0},"end":{"line":5,"column":32}},"4":{"start":{"line":7,"column":15},"end":{"line":7,"column":35}},"5":{"start":{"line":110,"column":2},"end":{"line":110,"column":8}},"6":{"start":{"line":9,"column":22},"end":{"line":9,"column":45}},"7":{"start":{"line":113,"column":2},"end":{"line":113,"column":15}},"8":{"start":{"line":11,"column":21},"end":{"line":11,"column":43}},"9":{"start":{"line":111,"column":2},"end":{"line":111,"column":14}},"10":{"start":{"line":13,"column":20},"end":{"line":13,"column":41}},"11":{"start":{"line":114,"column":2},"end":{"line":114,"column":13}},"12":{"start":{"line":15,"column":22},"end":{"line":27,"column":2}},"13":{"start":{"line":19,"column":2},"end":{"line":25,"column":null}},"14":{"start":{"line":112,"column":2},"end":{"line":112,"column":15}},"15":{"start":{"line":28,"column":0},"end":{"line":28,"column":null}},"16":{"start":{"line":30,"column":22},"end":{"line":51,"column":2}},"17":{"start":{"line":34,"column":2},"end":{"line":49,"column":null}},"18":{"start":{"line":115,"column":2},"end":{"line":115,"column":15}},"19":{"start":{"line":52,"column":0},"end":{"line":52,"column":null}},"20":{"start":{"line":54,"column":21},"end":{"line":64,"column":null}},"21":{"start":{"line":58,"column":2},"end":{"line":63,"column":null}},"22":{"start":{"line":116,"column":2},"end":{"line":116,"column":14}},"23":{"start":{"line":66,"column":0},"end":{"line":66,"column":null}},"24":{"start":{"line":68,"column":21},"end":{"line":78,"column":null}},"25":{"start":{"line":72,"column":2},"end":{"line":77,"column":null}},"26":{"start":{"line":117,"column":2},"end":{"line":117,"column":14}},"27":{"start":{"line":80,"column":0},"end":{"line":80,"column":null}},"28":{"start":{"line":82,"column":20},"end":{"line":94,"column":2}},"29":{"start":{"line":86,"column":2},"end":{"line":92,"column":null}},"30":{"start":{"line":118,"column":2},"end":{"line":118,"column":13}},"31":{"start":{"line":95,"column":0},"end":{"line":95,"column":null}},"32":{"start":{"line":97,"column":26},"end":{"line":106,"column":2}},"33":{"start":{"line":101,"column":2},"end":{"line":104,"column":null}},"34":{"start":{"line":119,"column":2},"end":{"line":119,"column":19}},"35":{"start":{"line":107,"column":0},"end":{"line":107,"column":null}}},"fnMap":{"0":{"name":"(anonymous_0)","decl":{"start":{"line":18,"column":2},"end":{"line":18,"column":3}},"loc":{"start":{"line":19,"column":2},"end":{"line":25,"column":null}}},"1":{"name":"(anonymous_1)","decl":{"start":{"line":33,"column":2},"end":{"line":33,"column":3}},"loc":{"start":{"line":34,"column":2},"end":{"line":49,"column":null}}},"2":{"name":"(anonymous_2)","decl":{"start":{"line":54,"column":21},"end":{"line":54,"column":22}},"loc":{"start":{"line":58,"column":2},"end":{"line":63,"column":null}}},"3":{"name":"(anonymous_3)","decl":{"start":{"line":68,"column":21},"end":{"line":68,"column":22}},"loc":{"start":{"line":72,"column":2},"end":{"line":77,"column":null}}},"4":{"name":"(anonymous_4)","decl":{"start":{"line":85,"column":2},"end":{"line":85,"column":3}},"loc":{"start":{"line":86,"column":2},"end":{"line":92,"column":null}}},"5":{"name":"(anonymous_5)","decl":{"start":{"line":100,"column":2},"end":{"line":100,"column":3}},"loc":{"start":{"line":101,"column":2},"end":{"line":104,"column":null}}}},"branchMap":{},"s":{"0":1,"1":1,"2":1,"3":1,"4":1,"5":1,"6":1,"7":1,"8":1,"9":1,"10":1,"11":1,"12":1,"13":11,"14":1,"15":1,"16":1,"17":11,"18":1,"19":1,"20":1,"21":6,"22":1,"23":1,"24":1,"25":0,"26":1,"27":1,"28":1,"29":6,"30":1,"31":1,"32":1,"33":6,"34":1,"35":1},"f":{"0":11,"1":11,"2":6,"3":0,"4":6,"5":6},"b":{}}
,"/Users/seth/Desktop/academicbridge/task-manager/src/components/ui/dropdown-menu.tsx": {"path":"/Users/seth/Desktop/academicbridge/task-manager/src/components/ui/dropdown-menu.tsx","statementMap":{"0":{"start":{"line":3,"column":0},"end":{"line":3,"column":30}},"1":{"start":{"line":4,"column":0},"end":{"line":4,"column":70}},"2":{"start":{"line":5,"column":0},"end":{"line":5,"column":58}},"3":{"start":{"line":7,"column":0},"end":{"line":7,"column":32}},"4":{"start":{"line":9,"column":21},"end":{"line":9,"column":47}},"5":{"start":{"line":186,"column":2},"end":{"line":186,"column":14}},"6":{"start":{"line":11,"column":28},"end":{"line":11,"column":57}},"7":{"start":{"line":187,"column":2},"end":{"line":187,"column":21}},"8":{"start":{"line":13,"column":26},"end":{"line":13,"column":53}},"9":{"start":{"line":195,"column":2},"end":{"line":195,"column":19}},"10":{"start":{"line":15,"column":27},"end":{"line":15,"column":55}},"11":{"start":{"line":196,"column":2},"end":{"line":196,"column":20}},"12":{"start":{"line":17,"column":24},"end":{"line":17,"column":49}},"13":{"start":{"line":197,"column":2},"end":{"line":197,"column":17}},"14":{"start":{"line":19,"column":31},"end":{"line":19,"column":63}},"15":{"start":{"line":200,"column":2},"end":{"line":200,"column":24}},"16":{"start":{"line":21,"column":31},"end":{"line":39,"column":2}},"17":{"start":{"line":27,"column":2},"end":{"line":37,"column":null}},"18":{"start":{"line":199,"column":2},"end":{"line":199,"column":24}},"19":{"start":{"line":40,"column":0},"end":{"line":41,"column":null}},"20":{"start":{"line":43,"column":31},"end":{"line":55,"column":2}},"21":{"start":{"line":47,"column":2},"end":{"line":53,"column":null}},"22":{"start":{"line":198,"column":2},"end":{"line":198,"column":24}},"23":{"start":{"line":56,"column":0},"end":{"line":57,"column":null}},"24":{"start":{"line":59,"column":28},"end":{"line":75,"column":2}},"25":{"start":{"line":63,"column":2},"end":{"line":73,"column":null}},"26":{"start":{"line":188,"column":2},"end":{"line":188,"column":21}},"27":{"start":{"line":76,"column":0},"end":{"line":76,"column":null}},"28":{"start":{"line":78,"column":25},"end":{"line":93,"column":2}},"29":{"start":{"line":84,"column":2},"end":{"line":91,"column":null}},"30":{"start":{"line":189,"column":2},"end":{"line":189,"column":18}},"31":{"start":{"line":94,"column":0},"end":{"line":94,"column":null}},"32":{"start":{"line":96,"column":33},"end":{"line":116,"column":2}},"33":{"start":{"line":100,"column":2},"end":{"line":114,"column":null}},"34":{"start":{"line":190,"column":2},"end":{"line":190,"column":26}},"35":{"start":{"line":117,"column":0},"end":{"line":118,"column":null}},"36":{"start":{"line":120,"column":30},"end":{"line":139,"column":2}},"37":{"start":{"line":124,"column":2},"end":{"line":137,"column":null}},"38":{"start":{"line":191,"column":2},"end":{"line":191,"column":23}},"39":{"start":{"line":140,"column":0},"end":{"line":140,"column":null}},"40":{"start":{"line":142,"column":26},"end":{"line":157,"column":2}},"41":{"start":{"line":148,"column":2},"end":{"line":155,"column":null}},"42":{"start":{"line":192,"column":2},"end":{"line":192,"column":19}},"43":{"start":{"line":158,"column":0},"end":{"line":158,"column":null}},"44":{"start":{"line":160,"column":30},"end":{"line":169,"column":2}},"45":{"start":{"line":164,"column":2},"end":{"line":167,"column":null}},"46":{"start":{"line":193,"column":2},"end":{"line":193,"column":23}},"47":{"start":{"line":170,"column":0},"end":{"line":170,"column":null}},"48":{"start":{"line":172,"column":29},"end":{"line":182,"column":1}},"49":{"start":{"line":176,"column":2},"end":{"line":181,"column":null}},"50":{"start":{"line":194,"column":2},"end":{"line":194,"column":22}},"51":{"start":{"line":183,"column":0},"end":{"line":183,"column":null}}},"fnMap":{"0":{"name":"(anonymous_0)","decl":{"start":{"line":26,"column":2},"end":{"line":26,"column":3}},"loc":{"start":{"line":27,"column":2},"end":{"line":37,"column":null}}},"1":{"name":"(anonymous_1)","decl":{"start":{"line":46,"column":2},"end":{"line":46,"column":3}},"loc":{"start":{"line":47,"column":2},"end":{"line":53,"column":null}}},"2":{"name":"(anonymous_2)","decl":{"start":{"line":62,"column":2},"end":{"line":62,"column":3}},"loc":{"start":{"line":63,"column":2},"end":{"line":73,"column":null}}},"3":{"name":"(anonymous_3)","decl":{"start":{"line":83,"column":2},"end":{"line":83,"column":3}},"loc":{"start":{"line":84,"column":2},"end":{"line":91,"column":null}}},"4":{"name":"(anonymous_4)","decl":{"start":{"line":99,"column":2},"end":{"line":99,"column":3}},"loc":{"start":{"line":100,"column":2},"end":{"line":114,"column":null}}},"5":{"name":"(anonymous_5)","decl":{"start":{"line":123,"column":2},"end":{"line":123,"column":3}},"loc":{"start":{"line":124,"column":2},"end":{"line":137,"column":null}}},"6":{"name":"(anonymous_6)","decl":{"start":{"line":147,"column":2},"end":{"line":147,"column":3}},"loc":{"start":{"line":148,"column":2},"end":{"line":155,"column":null}}},"7":{"name":"(anonymous_7)","decl":{"start":{"line":163,"column":2},"end":{"line":163,"column":3}},"loc":{"start":{"line":164,"column":2},"end":{"line":167,"column":null}}},"8":{"name":"(anonymous_8)","decl":{"start":{"line":172,"column":29},"end":{"line":172,"column":30}},"loc":{"start":{"line":175,"column":44},"end":{"line":182,"column":1}}}},"branchMap":{"0":{"loc":{"start":{"line":31,"column":6},"end":{"line":31,"column":21}},"type":"binary-expr","locations":[{"start":{"line":31,"column":6},"end":{"line":31,"column":11}},{"start":{"line":31,"column":15},"end":{"line":31,"column":21}}]},"1":{"loc":{"start":{"line":62,"column":16},"end":{"line":62,"column":30}},"type":"default-arg","locations":[{"start":{"line":62,"column":29},"end":{"line":62,"column":30}}]},"2":{"loc":{"start":{"line":88,"column":6},"end":{"line":88,"column":21}},"type":"binary-expr","locations":[{"start":{"line":88,"column":6},"end":{"line":88,"column":11}},{"start":{"line":88,"column":15},"end":{"line":88,"column":21}}]},"3":{"loc":{"start":{"line":152,"column":6},"end":{"line":152,"column":21}},"type":"binary-expr","locations":[{"start":{"line":152,"column":6},"end":{"line":152,"column":11}},{"start":{"line":152,"column":15},"end":{"line":152,"column":21}}]}},"s":{"0":1,"1":1,"2":1,"3":1,"4":1,"5":1,"6":1,"7":1,"8":1,"9":1,"10":1,"11":1,"12":1,"13":1,"14":1,"15":1,"16":1,"17":0,"18":1,"19":1,"20":1,"21":0,"22":1,"23":1,"24":1,"25":7,"26":1,"27":1,"28":1,"29":2,"30":1,"31":1,"32":1,"33":0,"34":1,"35":1,"36":1,"37":0,"38":1,"39":1,"40":1,"41":0,"42":1,"43":1,"44":1,"45":0,"46":1,"47":1,"48":1,"49":0,"50":1,"51":1},"f":{"0":0,"1":0,"2":7,"3":2,"4":0,"5":0,"6":0,"7":0,"8":0},"b":{"0":[0,0],"1":[7],"2":[2,0],"3":[0,0]}}
,"/Users/seth/Desktop/academicbridge/task-manager/src/components/ui/input.tsx": {"path":"/Users/seth/Desktop/academicbridge/task-manager/src/components/ui/input.tsx","statementMap":{"0":{"start":{"line":1,"column":0},"end":{"line":1,"column":30}},"1":{"start":{"line":3,"column":0},"end":{"line":3,"column":32}},"2":{"start":{"line":5,"column":14},"end":{"line":18,"column":null}},"3":{"start":{"line":7,"column":4},"end":{"line":17,"column":null}},"4":{"start":{"line":22,"column":9},"end":{"line":22,"column":14}},"5":{"start":{"line":20,"column":0},"end":{"line":20,"column":null}}},"fnMap":{"0":{"name":"(anonymous_0)","decl":{"start":{"line":6,"column":2},"end":{"line":6,"column":3}},"loc":{"start":{"line":6,"column":41},"end":{"line":18,"column":3}}}},"branchMap":{},"s":{"0":1,"1":1,"2":1,"3":6,"4":1,"5":1},"f":{"0":6},"b":{}}
,"/Users/seth/Desktop/academicbridge/task-manager/src/components/ui/label.tsx": {"path":"/Users/seth/Desktop/academicbridge/task-manager/src/components/ui/label.tsx","statementMap":{"0":{"start":{"line":1,"column":0},"end":{"line":1,"column":30}},"1":{"start":{"line":2,"column":0},"end":{"line":2,"column":55}},"2":{"start":{"line":3,"column":0},"end":{"line":3,"column":65}},"3":{"start":{"line":5,"column":0},"end":{"line":5,"column":32}},"4":{"start":{"line":7,"column":22},"end":{"line":8,"column":null}},"5":{"start":{"line":11,"column":14},"end":{"line":21,"column":2}},"6":{"start":{"line":16,"column":2},"end":{"line":19,"column":null}},"7":{"start":{"line":24,"column":9},"end":{"line":24,"column":14}},"8":{"start":{"line":22,"column":0},"end":{"line":22,"column":null}}},"fnMap":{"0":{"name":"(anonymous_0)","decl":{"start":{"line":15,"column":2},"end":{"line":15,"column":3}},"loc":{"start":{"line":16,"column":2},"end":{"line":19,"column":null}}}},"branchMap":{},"s":{"0":1,"1":1,"2":1,"3":1,"4":1,"5":1,"6":42,"7":1,"8":1},"f":{"0":42},"b":{}}
,"/Users/seth/Desktop/academicbridge/task-manager/src/components/ui/popover.tsx": {"path":"/Users/seth/Desktop/academicbridge/task-manager/src/components/ui/popover.tsx","statementMap":{"0":{"start":{"line":3,"column":0},"end":{"line":3,"column":30}},"1":{"start":{"line":4,"column":0},"end":{"line":4,"column":59}},"2":{"start":{"line":6,"column":0},"end":{"line":6,"column":32}},"3":{"start":{"line":8,"column":16},"end":{"line":8,"column":37}},"4":{"start":{"line":33,"column":9},"end":{"line":33,"column":16}},"5":{"start":{"line":10,"column":23},"end":{"line":10,"column":47}},"6":{"start":{"line":33,"column":18},"end":{"line":33,"column":32}},"7":{"start":{"line":12,"column":22},"end":{"line":12,"column":45}},"8":{"start":{"line":33,"column":50},"end":{"line":33,"column":63}},"9":{"start":{"line":14,"column":23},"end":{"line":30,"column":2}},"10":{"start":{"line":18,"column":2},"end":{"line":28,"column":null}},"11":{"start":{"line":33,"column":34},"end":{"line":33,"column":48}},"12":{"start":{"line":31,"column":0},"end":{"line":31,"column":null}}},"fnMap":{"0":{"name":"(anonymous_0)","decl":{"start":{"line":17,"column":2},"end":{"line":17,"column":3}},"loc":{"start":{"line":18,"column":2},"end":{"line":28,"column":null}}}},"branchMap":{"0":{"loc":{"start":{"line":17,"column":16},"end":{"line":17,"column":32}},"type":"default-arg","locations":[{"start":{"line":17,"column":24},"end":{"line":17,"column":32}}]},"1":{"loc":{"start":{"line":17,"column":34},"end":{"line":17,"column":48}},"type":"default-arg","locations":[{"start":{"line":17,"column":47},"end":{"line":17,"column":48}}]}},"s":{"0":1,"1":1,"2":1,"3":1,"4":1,"5":1,"6":1,"7":1,"8":1,"9":1,"10":12,"11":1,"12":1},"f":{"0":12},"b":{"0":[0],"1":[12]}}
,"/Users/seth/Desktop/academicbridge/task-manager/src/components/ui/progress.tsx": {"path":"/Users/seth/Desktop/academicbridge/task-manager/src/components/ui/progress.tsx","statementMap":{"0":{"start":{"line":1,"column":0},"end":{"line":1,"column":30}},"1":{"start":{"line":2,"column":0},"end":{"line":2,"column":61}},"2":{"start":{"line":4,"column":0},"end":{"line":4,"column":32}},"3":{"start":{"line":6,"column":17},"end":{"line":23,"column":2}},"4":{"start":{"line":10,"column":2},"end":{"line":21,"column":null}},"5":{"start":{"line":26,"column":9},"end":{"line":26,"column":17}},"6":{"start":{"line":24,"column":0},"end":{"line":24,"column":null}}},"fnMap":{"0":{"name":"(anonymous_0)","decl":{"start":{"line":9,"column":2},"end":{"line":9,"column":3}},"loc":{"start":{"line":10,"column":2},"end":{"line":21,"column":null}}}},"branchMap":{"0":{"loc":{"start":{"line":20,"column":48},"end":{"line":20,"column":58}},"type":"binary-expr","locations":[{"start":{"line":20,"column":48},"end":{"line":20,"column":53}},{"start":{"line":20,"column":57},"end":{"line":20,"column":58}}]}},"s":{"0":1,"1":1,"2":1,"3":1,"4":7,"5":1,"6":1},"f":{"0":7},"b":{"0":[7,0]}}
,"/Users/seth/Desktop/academicbridge/task-manager/src/components/ui/select.tsx": {"path":"/Users/seth/Desktop/academicbridge/task-manager/src/components/ui/select.tsx","statementMap":{"0":{"start":{"line":1,"column":0},"end":{"line":1,"column":30}},"1":{"start":{"line":2,"column":0},"end":{"line":2,"column":57}},"2":{"start":{"line":3,"column":0},"end":{"line":3,"column":60}},"3":{"start":{"line":5,"column":0},"end":{"line":5,"column":32}},"4":{"start":{"line":7,"column":15},"end":{"line":7,"column":35}},"5":{"start":{"line":147,"column":2},"end":{"line":147,"column":8}},"6":{"start":{"line":9,"column":20},"end":{"line":9,"column":41}},"7":{"start":{"line":148,"column":2},"end":{"line":148,"column":13}},"8":{"start":{"line":11,"column":20},"end":{"line":11,"column":41}},"9":{"start":{"line":149,"column":2},"end":{"line":149,"column":13}},"10":{"start":{"line":13,"column":22},"end":{"line":30,"column":2}},"11":{"start":{"line":17,"column":2},"end":{"line":28,"column":null}},"12":{"start":{"line":150,"column":2},"end":{"line":150,"column":15}},"13":{"start":{"line":31,"column":0},"end":{"line":31,"column":null}},"14":{"start":{"line":33,"column":29},"end":{"line":47,"column":2}},"15":{"start":{"line":37,"column":2},"end":{"line":45,"column":null}},"16":{"start":{"line":155,"column":2},"end":{"line":155,"column":22}},"17":{"start":{"line":48,"column":0},"end":{"line":48,"column":null}},"18":{"start":{"line":50,"column":31},"end":{"line":64,"column":2}},"19":{"start":{"line":54,"column":2},"end":{"line":62,"column":null}},"20":{"start":{"line":156,"column":2},"end":{"line":156,"column":24}},"21":{"start":{"line":65,"column":0},"end":{"line":66,"column":null}},"22":{"start":{"line":68,"column":22},"end":{"line":97,"column":2}},"23":{"start":{"line":72,"column":2},"end":{"line":95,"column":null}},"24":{"start":{"line":151,"column":2},"end":{"line":151,"column":15}},"25":{"start":{"line":98,"column":0},"end":{"line":98,"column":null}},"26":{"start":{"line":100,"column":20},"end":{"line":109,"column":2}},"27":{"start":{"line":104,"column":2},"end":{"line":107,"column":null}},"28":{"start":{"line":152,"column":2},"end":{"line":152,"column":13}},"29":{"start":{"line":110,"column":0},"end":{"line":110,"column":null}},"30":{"start":{"line":112,"column":19},"end":{"line":131,"column":2}},"31":{"start":{"line":116,"column":2},"end":{"line":129,"column":null}},"32":{"start":{"line":153,"column":2},"end":{"line":153,"column":12}},"33":{"start":{"line":132,"column":0},"end":{"line":132,"column":null}},"34":{"start":{"line":134,"column":24},"end":{"line":143,"column":2}},"35":{"start":{"line":138,"column":2},"end":{"line":141,"column":null}},"36":{"start":{"line":154,"column":2},"end":{"line":154,"column":17}},"37":{"start":{"line":144,"column":0},"end":{"line":144,"column":null}}},"fnMap":{"0":{"name":"(anonymous_0)","decl":{"start":{"line":16,"column":2},"end":{"line":16,"column":3}},"loc":{"start":{"line":17,"column":2},"end":{"line":28,"column":null}}},"1":{"name":"(anonymous_1)","decl":{"start":{"line":36,"column":2},"end":{"line":36,"column":3}},"loc":{"start":{"line":37,"column":2},"end":{"line":45,"column":null}}},"2":{"name":"(anonymous_2)","decl":{"start":{"line":53,"column":2},"end":{"line":53,"column":3}},"loc":{"start":{"line":54,"column":2},"end":{"line":62,"column":null}}},"3":{"name":"(anonymous_3)","decl":{"start":{"line":71,"column":2},"end":{"line":71,"column":3}},"loc":{"start":{"line":72,"column":2},"end":{"line":95,"column":null}}},"4":{"name":"(anonymous_4)","decl":{"start":{"line":103,"column":2},"end":{"line":103,"column":3}},"loc":{"start":{"line":104,"column":2},"end":{"line":107,"column":null}}},"5":{"name":"(anonymous_5)","decl":{"start":{"line":115,"column":2},"end":{"line":115,"column":3}},"loc":{"start":{"line":116,"column":2},"end":{"line":129,"column":null}}},"6":{"name":"(anonymous_6)","decl":{"start":{"line":137,"column":2},"end":{"line":137,"column":3}},"loc":{"start":{"line":138,"column":2},"end":{"line":141,"column":null}}}},"branchMap":{"0":{"loc":{"start":{"line":71,"column":26},"end":{"line":71,"column":45}},"type":"default-arg","locations":[{"start":{"line":71,"column":37},"end":{"line":71,"column":45}}]},"1":{"loc":{"start":{"line":77,"column":8},"end":{"line":78,"column":139}},"type":"binary-expr","locations":[{"start":{"line":77,"column":8},"end":{"line":77,"column":29}},{"start":{"line":78,"column":10},"end":{"line":78,"column":139}}]},"2":{"loc":{"start":{"line":88,"column":10},"end":{"line":89,"column":101}},"type":"binary-expr","locations":[{"start":{"line":88,"column":10},"end":{"line":88,"column":31}},{"start":{"line":89,"column":12},"end":{"line":89,"column":101}}]}},"s":{"0":1,"1":1,"2":1,"3":1,"4":1,"5":1,"6":1,"7":1,"8":1,"9":1,"10":1,"11":12,"12":1,"13":1,"14":1,"15":12,"16":1,"17":1,"18":1,"19":12,"20":1,"21":1,"22":1,"23":12,"24":1,"25":1,"26":1,"27":0,"28":1,"29":1,"30":1,"31":36,"32":1,"33":1,"34":1,"35":0,"36":1,"37":1},"f":{"0":12,"1":12,"2":12,"3":12,"4":0,"5":36,"6":0},"b":{"0":[12],"1":[12,12],"2":[12,12]}}
,"/Users/seth/Desktop/academicbridge/task-manager/src/components/ui/slider.tsx": {"path":"/Users/seth/Desktop/academicbridge/task-manager/src/components/ui/slider.tsx","statementMap":{"0":{"start":{"line":1,"column":0},"end":{"line":1,"column":30}},"1":{"start":{"line":2,"column":0},"end":{"line":2,"column":57}},"2":{"start":{"line":4,"column":0},"end":{"line":4,"column":32}},"3":{"start":{"line":6,"column":15},"end":{"line":23,"column":2}},"4":{"start":{"line":10,"column":2},"end":{"line":21,"column":null}},"5":{"start":{"line":26,"column":9},"end":{"line":26,"column":15}},"6":{"start":{"line":24,"column":0},"end":{"line":24,"column":null}}},"fnMap":{"0":{"name":"(anonymous_0)","decl":{"start":{"line":9,"column":2},"end":{"line":9,"column":3}},"loc":{"start":{"line":10,"column":2},"end":{"line":21,"column":null}}}},"branchMap":{},"s":{"0":1,"1":1,"2":1,"3":1,"4":6,"5":1,"6":1},"f":{"0":6},"b":{}}
,"/Users/seth/Desktop/academicbridge/task-manager/src/components/ui/textarea.tsx": {"path":"/Users/seth/Desktop/academicbridge/task-manager/src/components/ui/textarea.tsx","statementMap":{"0":{"start":{"line":1,"column":0},"end":{"line":1,"column":30}},"1":{"start":{"line":3,"column":0},"end":{"line":3,"column":32}},"2":{"start":{"line":5,"column":17},"end":{"line":19,"column":2}},"3":{"start":{"line":9,"column":2},"end":{"line":18,"column":null}},"4":{"start":{"line":22,"column":9},"end":{"line":22,"column":17}},"5":{"start":{"line":20,"column":0},"end":{"line":20,"column":null}}},"fnMap":{"0":{"name":"(anonymous_0)","decl":{"start":{"line":8,"column":2},"end":{"line":8,"column":3}},"loc":{"start":{"line":8,"column":35},"end":{"line":19,"column":1}}}},"branchMap":{},"s":{"0":1,"1":1,"2":1,"3":6,"4":1,"5":1},"f":{"0":6},"b":{}}
,"/Users/seth/Desktop/academicbridge/task-manager/src/features/tasks/hooks.ts": {"path":"/Users/seth/Desktop/academicbridge/task-manager/src/features/tasks/hooks.ts","statementMap":{"0":{"start":{"line":11,"column":0},"end":{"line":11,"column":16}},"1":{"start":{"line":18,"column":0},"end":{"line":18,"column":16}},"2":{"start":{"line":29,"column":0},"end":{"line":29,"column":16}},"3":{"start":{"line":59,"column":0},"end":{"line":59,"column":16}},"4":{"start":{"line":70,"column":0},"end":{"line":70,"column":16}},"5":{"start":{"line":1,"column":0},"end":{"line":1,"column":77}},"6":{"start":{"line":2,"column":0},"end":{"line":2,"column":null}},"7":{"start":{"line":12,"column":2},"end":{"line":15,"column":null}},"8":{"start":{"line":19,"column":22},"end":{"line":19,"column":38}},"9":{"start":{"line":21,"column":2},"end":{"line":26,"column":null}},"10":{"start":{"line":24,"column":6},"end":{"line":24,"column":null}},"11":{"start":{"line":30,"column":22},"end":{"line":30,"column":38}},"12":{"start":{"line":32,"column":2},"end":{"line":56,"column":null}},"13":{"start":{"line":35,"column":6},"end":{"line":35,"column":null}},"14":{"start":{"line":37,"column":28},"end":{"line":37,"column":71}},"15":{"start":{"line":39,"column":6},"end":{"line":44,"column":null}},"16":{"start":{"line":40,"column":8},"end":{"line":40,"column":null}},"17":{"start":{"line":40,"column":18},"end":{"line":40,"column":null}},"18":{"start":{"line":41,"column":8},"end":{"line":43,"column":null}},"19":{"start":{"line":42,"column":10},"end":{"line":42,"column":57}},"20":{"start":{"line":46,"column":6},"end":{"line":46,"column":null}},"21":{"start":{"line":49,"column":6},"end":{"line":51,"column":7}},"22":{"start":{"line":50,"column":8},"end":{"line":50,"column":null}},"23":{"start":{"line":54,"column":6},"end":{"line":54,"column":null}},"24":{"start":{"line":60,"column":22},"end":{"line":60,"column":38}},"25":{"start":{"line":62,"column":2},"end":{"line":67,"column":null}},"26":{"start":{"line":65,"column":6},"end":{"line":65,"column":null}},"27":{"start":{"line":71,"column":22},"end":{"line":71,"column":38}},"28":{"start":{"line":73,"column":2},"end":{"line":86,"column":null}},"29":{"start":{"line":82,"column":10},"end":{"line":82,"column":42}},"30":{"start":{"line":84,"column":6},"end":{"line":84,"column":null}}},"fnMap":{"0":{"name":"useTasks","decl":{"start":{"line":11,"column":16},"end":{"line":11,"column":24}},"loc":{"start":{"line":11,"column":24},"end":{"line":16,"column":1}}},"1":{"name":"useCreateTask","decl":{"start":{"line":18,"column":16},"end":{"line":18,"column":29}},"loc":{"start":{"line":18,"column":29},"end":{"line":27,"column":1}}},"2":{"name":"(anonymous_2)","decl":{"start":{"line":23,"column":15},"end":{"line":23,"column":18}},"loc":{"start":{"line":23,"column":20},"end":{"line":25,"column":5}}},"3":{"name":"useUpdateTask","decl":{"start":{"line":29,"column":16},"end":{"line":29,"column":29}},"loc":{"start":{"line":29,"column":29},"end":{"line":57,"column":1}}},"4":{"name":"(anonymous_4)","decl":{"start":{"line":34,"column":14},"end":{"line":34,"column":19}},"loc":{"start":{"line":34,"column":36},"end":{"line":47,"column":5}}},"5":{"name":"(anonymous_5)","decl":{"start":{"line":39,"column":50},"end":{"line":39,"column":51}},"loc":{"start":{"line":39,"column":58},"end":{"line":44,"column":7}}},"6":{"name":"(anonymous_6)","decl":{"start":{"line":41,"column":23},"end":{"line":41,"column":24}},"loc":{"start":{"line":42,"column":10},"end":{"line":42,"column":57}}},"7":{"name":"(anonymous_7)","decl":{"start":{"line":48,"column":13},"end":{"line":48,"column":14}},"loc":{"start":{"line":48,"column":45},"end":{"line":52,"column":5}}},"8":{"name":"(anonymous_8)","decl":{"start":{"line":53,"column":15},"end":{"line":53,"column":18}},"loc":{"start":{"line":53,"column":20},"end":{"line":55,"column":5}}},"9":{"name":"useDeleteTask","decl":{"start":{"line":59,"column":16},"end":{"line":59,"column":29}},"loc":{"start":{"line":59,"column":29},"end":{"line":68,"column":1}}},"10":{"name":"(anonymous_10)","decl":{"start":{"line":64,"column":15},"end":{"line":64,"column":18}},"loc":{"start":{"line":64,"column":20},"end":{"line":66,"column":5}}},"11":{"name":"useAddComment","decl":{"start":{"line":70,"column":16},"end":{"line":70,"column":29}},"loc":{"start":{"line":70,"column":29},"end":{"line":87,"column":1}}},"12":{"name":"(anonymous_12)","decl":{"start":{"line":74,"column":16},"end":{"line":74,"column":17}},"loc":{"start":{"line":82,"column":10},"end":{"line":82,"column":42}}},"13":{"name":"(anonymous_13)","decl":{"start":{"line":83,"column":15},"end":{"line":83,"column":18}},"loc":{"start":{"line":83,"column":20},"end":{"line":85,"column":5}}}},"branchMap":{"0":{"loc":{"start":{"line":40,"column":8},"end":{"line":40,"column":null}},"type":"if","locations":[{"start":{"line":40,"column":8},"end":{"line":40,"column":null}},{"start":{},"end":{}}]},"1":{"loc":{"start":{"line":42,"column":10},"end":{"line":42,"column":57}},"type":"cond-expr","locations":[{"start":{"line":42,"column":39},"end":{"line":42,"column":50}},{"start":{"line":42,"column":53},"end":{"line":42,"column":57}}]},"2":{"loc":{"start":{"line":49,"column":6},"end":{"line":51,"column":7}},"type":"if","locations":[{"start":{"line":49,"column":6},"end":{"line":51,"column":7}},{"start":{},"end":{}}]}},"s":{"0":2,"1":2,"2":2,"3":2,"4":2,"5":2,"6":2,"7":0,"8":11,"9":11,"10":0,"11":11,"12":11,"13":0,"14":0,"15":0,"16":0,"17":0,"18":0,"19":0,"20":0,"21":0,"22":0,"23":0,"24":7,"25":7,"26":0,"27":0,"28":0,"29":0,"30":0},"f":{"0":0,"1":11,"2":0,"3":11,"4":0,"5":0,"6":0,"7":0,"8":0,"9":7,"10":0,"11":0,"12":0,"13":0},"b":{"0":[0,0],"1":[0,0],"2":[0,0]}}
,"/Users/seth/Desktop/academicbridge/task-manager/src/features/tasks/tasksSlice.ts": {"path":"/Users/seth/Desktop/academicbridge/task-manager/src/features/tasks/tasksSlice.ts","statementMap":{"0":{"start":{"line":1,"column":0},"end":{"line":1,"column":61}},"1":{"start":{"line":19,"column":33},"end":{"line":30,"column":null}},"2":{"start":{"line":32,"column":19},"end":{"line":92,"column":2}},"3":{"start":{"line":40,"column":6},"end":{"line":40,"column":null}},"4":{"start":{"line":41,"column":6},"end":{"line":41,"column":null}},"5":{"start":{"line":42,"column":6},"end":{"line":42,"column":null}},"6":{"start":{"line":45,"column":6},"end":{"line":45,"column":null}},"7":{"start":{"line":46,"column":6},"end":{"line":46,"column":null}},"8":{"start":{"line":47,"column":6},"end":{"line":47,"column":null}},"9":{"start":{"line":51,"column":6},"end":{"line":51,"column":null}},"10":{"start":{"line":54,"column":20},"end":{"line":54,"column":68}},"11":{"start":{"line":55,"column":6},"end":{"line":59,"column":7}},"12":{"start":{"line":56,"column":8},"end":{"line":56,"column":null}},"13":{"start":{"line":58,"column":8},"end":{"line":58,"column":null}},"14":{"start":{"line":62,"column":6},"end":{"line":62,"column":null}},"15":{"start":{"line":65,"column":6},"end":{"line":65,"column":null}},"16":{"start":{"line":68,"column":6},"end":{"line":72,"column":null}},"17":{"start":{"line":76,"column":6},"end":{"line":76,"column":null}},"18":{"start":{"line":80,"column":6},"end":{"line":80,"column":null}},"19":{"start":{"line":84,"column":20},"end":{"line":84,"column":66}},"20":{"start":{"line":85,"column":6},"end":{"line":89,"column":7}},"21":{"start":{"line":86,"column":8},"end":{"line":86,"column":null}},"22":{"start":{"line":88,"column":8},"end":{"line":88,"column":null}},"23":{"start":{"line":94,"column":13},"end":{"line":104,"column":null}},"24":{"start":{"line":107,"column":0},"end":{"line":107,"column":null}}},"fnMap":{"0":{"name":"(anonymous_0)","decl":{"start":{"line":36,"column":15},"end":{"line":36,"column":null}},"loc":{"start":{"line":39,"column":8},"end":{"line":43,"column":5}}},"1":{"name":"(anonymous_1)","decl":{"start":{"line":44,"column":16},"end":{"line":44,"column":17}},"loc":{"start":{"line":44,"column":26},"end":{"line":48,"column":5}}},"2":{"name":"(anonymous_2)","decl":{"start":{"line":50,"column":23},"end":{"line":50,"column":24}},"loc":{"start":{"line":50,"column":72},"end":{"line":52,"column":5}}},"3":{"name":"(anonymous_3)","decl":{"start":{"line":53,"column":26},"end":{"line":53,"column":27}},"loc":{"start":{"line":53,"column":73},"end":{"line":60,"column":5}}},"4":{"name":"(anonymous_4)","decl":{"start":{"line":61,"column":21},"end":{"line":61,"column":22}},"loc":{"start":{"line":61,"column":68},"end":{"line":63,"column":5}}},"5":{"name":"(anonymous_5)","decl":{"start":{"line":64,"column":20},"end":{"line":64,"column":21}},"loc":{"start":{"line":64,"column":61},"end":{"line":66,"column":5}}},"6":{"name":"(anonymous_6)","decl":{"start":{"line":67,"column":18},"end":{"line":67,"column":19}},"loc":{"start":{"line":67,"column":28},"end":{"line":73,"column":5}}},"7":{"name":"(anonymous_7)","decl":{"start":{"line":75,"column":16},"end":{"line":75,"column":17}},"loc":{"start":{"line":75,"column":64},"end":{"line":77,"column":5}}},"8":{"name":"(anonymous_8)","decl":{"start":{"line":79,"column":20},"end":{"line":79,"column":21}},"loc":{"start":{"line":79,"column":68},"end":{"line":81,"column":5}}},"9":{"name":"(anonymous_9)","decl":{"start":{"line":83,"column":24},"end":{"line":83,"column":25}},"loc":{"start":{"line":83,"column":69},"end":{"line":90,"column":5}}}},"branchMap":{"0":{"loc":{"start":{"line":41,"column":26},"end":{"line":41,"column":53}},"type":"binary-expr","locations":[{"start":{"line":41,"column":26},"end":{"line":41,"column":45}},{"start":{"line":41,"column":49},"end":{"line":41,"column":53}}]},"1":{"loc":{"start":{"line":42,"column":28},"end":{"line":42,"column":57}},"type":"binary-expr","locations":[{"start":{"line":42,"column":28},"end":{"line":42,"column":49}},{"start":{"line":42,"column":53},"end":{"line":42,"column":57}}]},"2":{"loc":{"start":{"line":55,"column":6},"end":{"line":59,"column":7}},"type":"if","locations":[{"start":{"line":55,"column":6},"end":{"line":59,"column":7}},{"start":{"line":57,"column":13},"end":{"line":59,"column":7}}]},"3":{"loc":{"start":{"line":85,"column":6},"end":{"line":89,"column":7}},"type":"if","locations":[{"start":{"line":85,"column":6},"end":{"line":89,"column":7}},{"start":{"line":87,"column":13},"end":{"line":89,"column":7}}]}},"s":{"0":2,"1":2,"2":2,"3":3,"4":3,"5":3,"6":1,"7":1,"8":1,"9":0,"10":2,"11":2,"12":1,"13":1,"14":0,"15":1,"16":1,"17":0,"18":0,"19":2,"20":2,"21":1,"22":1,"23":2,"24":2},"f":{"0":3,"1":1,"2":0,"3":2,"4":0,"5":1,"6":1,"7":0,"8":0,"9":2},"b":{"0":[3,2],"1":[3,2],"2":[1,1],"3":[1,1]}}
,"/Users/seth/Desktop/academicbridge/task-manager/src/features/ui/uiSlice.ts": {"path":"/Users/seth/Desktop/academicbridge/task-manager/src/features/ui/uiSlice.ts","statementMap":{"0":{"start":{"line":1,"column":0},"end":{"line":1,"column":61}},"1":{"start":{"line":9,"column":30},"end":{"line":13,"column":null}},"2":{"start":{"line":15,"column":16},"end":{"line":38,"column":2}},"3":{"start":{"line":20,"column":6},"end":{"line":20,"column":null}},"4":{"start":{"line":23,"column":6},"end":{"line":23,"column":null}},"5":{"start":{"line":26,"column":6},"end":{"line":26,"column":null}},"6":{"start":{"line":27,"column":6},"end":{"line":27,"column":null}},"7":{"start":{"line":30,"column":6},"end":{"line":30,"column":null}},"8":{"start":{"line":31,"column":6},"end":{"line":31,"column":null}},"9":{"start":{"line":34,"column":6},"end":{"line":34,"column":null}},"10":{"start":{"line":35,"column":6},"end":{"line":35,"column":null}},"11":{"start":{"line":40,"column":13},"end":{"line":45,"column":null}},"12":{"start":{"line":48,"column":0},"end":{"line":48,"column":null}}},"fnMap":{"0":{"name":"(anonymous_0)","decl":{"start":{"line":19,"column":19},"end":{"line":19,"column":20}},"loc":{"start":{"line":19,"column":29},"end":{"line":21,"column":5}}},"1":{"name":"(anonymous_1)","decl":{"start":{"line":22,"column":20},"end":{"line":22,"column":21}},"loc":{"start":{"line":22,"column":62},"end":{"line":24,"column":5}}},"2":{"name":"(anonymous_2)","decl":{"start":{"line":25,"column":17},"end":{"line":25,"column":18}},"loc":{"start":{"line":25,"column":27},"end":{"line":28,"column":5}}},"3":{"name":"(anonymous_3)","decl":{"start":{"line":29,"column":14},"end":{"line":29,"column":15}},"loc":{"start":{"line":29,"column":65},"end":{"line":32,"column":5}}},"4":{"name":"(anonymous_4)","decl":{"start":{"line":33,"column":17},"end":{"line":33,"column":18}},"loc":{"start":{"line":33,"column":63},"end":{"line":36,"column":5}}}},"branchMap":{"0":{"loc":{"start":{"line":11,"column":10},"end":{"line":11,"column":71}},"type":"binary-expr","locations":[{"start":{"line":11,"column":10},"end":{"line":11,"column":60}},{"start":{"line":11,"column":64},"end":{"line":11,"column":71}}]},"1":{"loc":{"start":{"line":12,"column":13},"end":{"line":12,"column":69}},"type":"binary-expr","locations":[{"start":{"line":12,"column":13},"end":{"line":12,"column":61}},{"start":{"line":12,"column":65},"end":{"line":12,"column":69}}]},"2":{"loc":{"start":{"line":26,"column":20},"end":{"line":26,"column":62}},"type":"cond-expr","locations":[{"start":{"line":26,"column":46},"end":{"line":26,"column":52}},{"start":{"line":26,"column":55},"end":{"line":26,"column":62}}]}},"s":{"0":1,"1":1,"2":1,"3":0,"4":0,"5":0,"6":0,"7":0,"8":0,"9":0,"10":0,"11":1,"12":1},"f":{"0":0,"1":0,"2":0,"3":0,"4":0},"b":{"0":[1,1],"1":[1,1],"2":[0,0]}}
,"/Users/seth/Desktop/academicbridge/task-manager/src/lib/utils.ts": {"path":"/Users/seth/Desktop/academicbridge/task-manager/src/lib/utils.ts","statementMap":{"0":{"start":{"line":4,"column":0},"end":{"line":4,"column":16}},"1":{"start":{"line":1,"column":0},"end":{"line":1,"column":44}},"2":{"start":{"line":2,"column":0},"end":{"line":2,"column":40}},"3":{"start":{"line":5,"column":2},"end":{"line":5,"column":null}}},"fnMap":{"0":{"name":"cn","decl":{"start":{"line":4,"column":16},"end":{"line":4,"column":18}},"loc":{"start":{"line":4,"column":42},"end":{"line":6,"column":1}}}},"branchMap":{},"s":{"0":2,"1":2,"2":2,"3":352},"f":{"0":352},"b":{}}
}
