TN:
SF:src/components/DeleteConfirmDialog.tsx
FN:21,DeleteConfirmDialog
FNF:1
FNH:1
FNDA:7,DeleteConfirmDialog
DA:1,1
DA:21,1
DA:29,7
LF:3
LH:3
BRDA:25,0,0,0
BRDA:26,1,0,0
BRDA:27,2,0,0
BRDA:43,3,0,0
BRDA:43,3,1,7
BRF:5
BRH:1
end_of_record
TN:
SF:src/components/TaskCard.tsx
FN:46,TaskCard
FN:50,(anonymous_1)
FN:59,(anonymous_2)
FN:78,(anonymous_3)
FN:96,(anonymous_4)
FN:118,(anonymous_5)
FN:124,(anonymous_6)
FN:190,(anonymous_7)
FN:205,(anonymous_8)
FNF:9
FNH:8
FNDA:7,TaskCard
FNDA:0,(anonymous_1)
FNDA:7,(anonymous_2)
FNDA:1,(anonymous_3)
FNDA:14,(anonymous_4)
FNDA:1,(anonymous_5)
FNDA:1,(anonymous_6)
FNDA:7,(anonymous_7)
FNDA:14,(anonymous_8)
DA:1,1
DA:2,1
DA:3,1
DA:4,1
DA:5,1
DA:11,1
DA:12,1
DA:14,1
DA:15,1
DA:16,1
DA:24,1
DA:25,1
DA:33,1
DA:40,1
DA:46,1
DA:47,7
DA:48,7
DA:50,7
DA:51,0
DA:52,0
DA:55,7
DA:56,7
DA:57,7
DA:59,7
DA:60,7
DA:61,0
DA:62,0
DA:63,0
DA:65,0
DA:68,0
DA:71,7
DA:78,1
DA:97,14
DA:118,1
DA:124,1
DA:191,7
DA:205,14
LF:37
LH:30
BRDA:55,0,0,7
BRDA:55,0,1,0
BRDA:56,1,0,7
BRDA:56,1,1,7
BRDA:57,2,0,7
BRDA:57,2,1,0
BRDA:60,3,0,7
BRDA:60,3,1,0
BRDA:60,4,0,7
BRDA:60,4,1,7
BRDA:61,5,0,0
BRDA:61,5,1,0
BRDA:74,6,0,1
BRDA:74,6,1,6
BRDA:75,7,0,1
BRDA:75,7,1,6
BRDA:78,8,0,1
BRDA:78,8,1,1
BRDA:105,9,0,7
BRDA:105,9,1,7
BRDA:140,10,0,7
BRDA:140,10,1,7
BRDA:154,11,0,7
BRDA:154,11,1,0
BRDA:165,12,0,7
BRDA:165,12,1,7
BRDA:176,13,0,7
BRDA:176,13,1,0
BRDA:188,14,0,7
BRDA:188,14,1,7
BRDA:201,15,0,7
BRDA:201,15,1,0
BRDA:212,16,0,7
BRDA:212,16,1,0
BRF:34
BRH:25
end_of_record
TN:
SF:src/components/TaskModal.tsx
FN:52,TaskModal
FN:87,(anonymous_1)
FN:111,(anonymous_2)
FN:176,(anonymous_3)
FN:195,(anonymous_4)
FN:274,(anonymous_5)
FN:303,oo_cm
FNF:7
FNH:2
FNDA:11,TaskModal
FNDA:5,(anonymous_1)
FNDA:0,(anonymous_2)
FNDA:0,(anonymous_3)
FNDA:0,(anonymous_4)
FNDA:0,(anonymous_5)
FNDA:0,oo_cm
DA:1,1
DA:2,1
DA:3,1
DA:10,1
DA:11,1
DA:12,1
DA:17,1
DA:24,1
DA:25,1
DA:26,1
DA:28,1
DA:29,1
DA:30,1
DA:31,1
DA:32,1
DA:33,1
DA:52,1
DA:58,11
DA:59,11
DA:60,11
DA:62,11
DA:63,11
DA:64,11
DA:73,11
DA:84,11
DA:85,11
DA:87,11
DA:88,5
DA:89,1
DA:90,1
DA:91,1
DA:92,1
DA:93,1
DA:94,1
DA:95,1
DA:96,1
DA:98,4
DA:105,4
DA:106,4
DA:107,4
DA:111,11
DA:112,0
DA:113,0
DA:120,0
DA:121,0
DA:123,0
DA:125,0
DA:126,0
DA:127,0
DA:128,0
DA:129,0
DA:131,0
DA:135,11
DA:177,0
DA:196,0
DA:274,0
DA:303,1
LF:57
LH:43
BRDA:77,0,0,11
BRDA:77,0,1,11
BRDA:88,1,0,1
BRDA:88,1,1,4
BRDA:90,2,0,1
BRDA:90,2,1,0
BRDA:93,3,0,1
BRDA:93,3,1,1
BRDA:94,4,0,1
BRDA:94,4,1,1
BRDA:95,5,0,0
BRDA:95,5,1,1
BRDA:96,6,0,0
BRDA:96,6,1,1
BRDA:101,7,0,4
BRDA:101,7,1,4
BRDA:120,8,0,0
BRDA:120,8,1,0
BRDA:139,9,0,2
BRDA:139,9,1,9
BRDA:141,10,0,2
BRDA:141,10,1,9
BRDA:154,11,0,11
BRDA:154,11,1,1
BRDA:221,12,0,11
BRDA:221,12,1,11
BRDA:225,13,0,0
BRDA:225,13,1,11
BRDA:247,14,0,11
BRDA:247,14,1,11
BRDA:251,15,0,0
BRDA:251,15,1,11
BRDA:287,16,0,11
BRDA:287,16,1,11
BRDA:289,17,0,2
BRDA:289,17,1,9
BRDA:303,18,0,0
BRDA:303,18,1,0
BRF:38
BRH:29
end_of_record
TN:
SF:src/components/ui/alert-dialog.tsx
FN:16,(anonymous_0)
FN:31,(anonymous_1)
FN:46,(anonymous_2)
FN:60,(anonymous_3)
FN:77,(anonymous_4)
FN:89,(anonymous_5)
FN:102,(anonymous_6)
FN:114,(anonymous_7)
FNF:8
FNH:1
FNDA:0,(anonymous_0)
FNDA:7,(anonymous_1)
FNDA:0,(anonymous_2)
FNDA:0,(anonymous_3)
FNDA:0,(anonymous_4)
FNDA:0,(anonymous_5)
FNDA:0,(anonymous_6)
FNDA:0,(anonymous_7)
DA:1,1
DA:2,1
DA:4,1
DA:5,1
DA:7,1
DA:9,1
DA:11,1
DA:13,1
DA:17,0
DA:26,1
DA:28,1
DA:32,7
DA:44,1
DA:46,1
DA:50,0
DA:58,1
DA:60,1
DA:64,0
DA:72,1
DA:74,1
DA:78,0
DA:84,1
DA:86,1
DA:90,0
DA:96,1
DA:99,1
DA:103,0
DA:109,1
DA:111,1
DA:115,0
DA:125,1
DA:128,1
DA:129,1
DA:130,1
DA:131,1
DA:132,1
DA:133,1
DA:134,1
DA:135,1
DA:136,1
DA:137,1
DA:138,1
LF:42
LH:35
BRF:0
BRH:0
end_of_record
TN:
SF:src/components/ui/avatar.tsx
FN:11,(anonymous_0)
FN:26,(anonymous_1)
FN:38,(anonymous_2)
FNF:3
FNH:3
FNDA:7,(anonymous_0)
FNDA:7,(anonymous_1)
FNDA:7,(anonymous_2)
DA:3,1
DA:4,1
DA:6,1
DA:8,1
DA:12,7
DA:21,1
DA:23,1
DA:27,7
DA:33,1
DA:35,1
DA:39,7
DA:48,1
DA:50,1
LF:13
LH:13
BRF:0
BRH:0
end_of_record
TN:
SF:src/components/ui/badge.tsx
FN:30,Badge
FNF:1
FNH:1
FNDA:21,Badge
DA:1,1
DA:2,1
DA:4,1
DA:6,1
DA:31,21
DA:36,1
LF:6
LH:6
BRF:0
BRH:0
end_of_record
TN:
SF:src/components/ui/button.tsx
FN:44,(anonymous_0)
FNF:1
FNH:1
FNDA:50,(anonymous_0)
DA:1,2
DA:2,2
DA:3,2
DA:5,2
DA:7,2
DA:43,2
DA:45,50
DA:46,50
DA:55,2
DA:57,2
LF:10
LH:10
BRDA:44,0,0,50
BRDA:45,1,0,0
BRDA:45,1,1,50
BRF:3
BRH:2
end_of_record
TN:
SF:src/components/ui/calendar.tsx
FN:12,Calendar
FN:37,(anonymous_1)
FN:126,(anonymous_2)
FN:136,(anonymous_3)
FN:157,(anonymous_4)
FN:173,CalendarDayButton
FN:182,(anonymous_6)
FNF:7
FNH:0
FNDA:0,Calendar
FNDA:0,(anonymous_1)
FNDA:0,(anonymous_2)
FNDA:0,(anonymous_3)
FNDA:0,(anonymous_4)
FNDA:0,CalendarDayButton
FNDA:0,(anonymous_6)
DA:1,1
DA:2,1
DA:7,1
DA:9,1
DA:10,1
DA:24,0
DA:26,0
DA:38,0
DA:127,0
DA:137,0
DA:138,0
DA:143,0
DA:144,0
DA:152,0
DA:158,0
DA:179,0
DA:181,0
DA:182,0
DA:183,0
DA:186,0
DA:211,1
LF:21
LH:6
BRDA:15,0,0,0
BRDA:16,1,0,0
BRDA:17,2,0,0
BRDA:80,3,0,0
BRDA:80,3,1,0
BRDA:137,4,0,0
BRDA:137,4,1,0
BRDA:143,5,0,0
BRDA:143,5,1,0
BRDA:183,6,0,0
BRDA:183,6,1,0
BRDA:193,7,0,0
BRDA:193,7,1,0
BRDA:193,7,2,0
BRDA:193,7,3,0
BRF:15
BRH:0
end_of_record
TN:
SF:src/components/ui/card.tsx
FN:8,(anonymous_0)
FN:23,(anonymous_1)
FN:35,(anonymous_2)
FN:47,(anonymous_3)
FN:59,(anonymous_4)
FN:67,(anonymous_5)
FNF:6
FNH:1
FNDA:7,(anonymous_0)
FNDA:0,(anonymous_1)
FNDA:0,(anonymous_2)
FNDA:0,(anonymous_3)
FNDA:0,(anonymous_4)
FNDA:0,(anonymous_5)
DA:1,1
DA:3,1
DA:5,1
DA:9,7
DA:18,1
DA:20,1
DA:24,0
DA:30,1
DA:32,1
DA:36,0
DA:42,1
DA:44,1
DA:48,0
DA:54,1
DA:56,1
DA:60,0
DA:62,1
DA:64,1
DA:68,0
DA:74,1
DA:76,1
LF:21
LH:16
BRF:0
BRH:0
end_of_record
TN:
SF:src/components/ui/dialog.tsx
FN:18,(anonymous_0)
FN:33,(anonymous_1)
FN:54,(anonymous_2)
FN:68,(anonymous_3)
FN:85,(anonymous_4)
FN:100,(anonymous_5)
FNF:6
FNH:5
FNDA:11,(anonymous_0)
FNDA:11,(anonymous_1)
FNDA:6,(anonymous_2)
FNDA:0,(anonymous_3)
FNDA:6,(anonymous_4)
FNDA:6,(anonymous_5)
DA:1,1
DA:2,1
DA:3,1
DA:5,1
DA:7,1
DA:9,1
DA:11,1
DA:13,1
DA:15,1
DA:19,11
DA:28,1
DA:30,1
DA:34,11
DA:52,1
DA:54,1
DA:58,6
DA:66,1
DA:68,1
DA:72,0
DA:80,1
DA:82,1
DA:86,6
DA:95,1
DA:97,1
DA:101,6
DA:107,1
DA:110,1
DA:111,1
DA:112,1
DA:113,1
DA:114,1
DA:115,1
DA:116,1
DA:117,1
DA:118,1
DA:119,1
LF:36
LH:35
BRF:0
BRH:0
end_of_record
TN:
SF:src/components/ui/dropdown-menu.tsx
FN:26,(anonymous_0)
FN:46,(anonymous_1)
FN:62,(anonymous_2)
FN:83,(anonymous_3)
FN:99,(anonymous_4)
FN:123,(anonymous_5)
FN:147,(anonymous_6)
FN:163,(anonymous_7)
FN:172,(anonymous_8)
FNF:9
FNH:2
FNDA:0,(anonymous_0)
FNDA:0,(anonymous_1)
FNDA:7,(anonymous_2)
FNDA:2,(anonymous_3)
FNDA:0,(anonymous_4)
FNDA:0,(anonymous_5)
FNDA:0,(anonymous_6)
FNDA:0,(anonymous_7)
FNDA:0,(anonymous_8)
DA:3,1
DA:4,1
DA:5,1
DA:7,1
DA:9,1
DA:11,1
DA:13,1
DA:15,1
DA:17,1
DA:19,1
DA:21,1
DA:27,0
DA:40,1
DA:43,1
DA:47,0
DA:56,1
DA:59,1
DA:63,7
DA:76,1
DA:78,1
DA:84,2
DA:94,1
DA:96,1
DA:100,0
DA:117,1
DA:120,1
DA:124,0
DA:140,1
DA:142,1
DA:148,0
DA:158,1
DA:160,1
DA:164,0
DA:170,1
DA:172,1
DA:176,0
DA:183,1
DA:186,1
DA:187,1
DA:188,1
DA:189,1
DA:190,1
DA:191,1
DA:192,1
DA:193,1
DA:194,1
DA:195,1
DA:196,1
DA:197,1
DA:198,1
DA:199,1
DA:200,1
LF:52
LH:45
BRDA:31,0,0,0
BRDA:31,0,1,0
BRDA:62,1,0,7
BRDA:88,2,0,2
BRDA:88,2,1,0
BRDA:152,3,0,0
BRDA:152,3,1,0
BRF:7
BRH:2
end_of_record
TN:
SF:src/components/ui/input.tsx
FN:6,(anonymous_0)
FNF:1
FNH:1
FNDA:6,(anonymous_0)
DA:1,1
DA:3,1
DA:5,1
DA:7,6
DA:20,1
DA:22,1
LF:6
LH:6
BRF:0
BRH:0
end_of_record
TN:
SF:src/components/ui/label.tsx
FN:15,(anonymous_0)
FNF:1
FNH:1
FNDA:42,(anonymous_0)
DA:1,1
DA:2,1
DA:3,1
DA:5,1
DA:7,1
DA:11,1
DA:16,42
DA:22,1
DA:24,1
LF:9
LH:9
BRF:0
BRH:0
end_of_record
TN:
SF:src/components/ui/popover.tsx
FN:17,(anonymous_0)
FNF:1
FNH:1
FNDA:12,(anonymous_0)
DA:3,1
DA:4,1
DA:6,1
DA:8,1
DA:10,1
DA:12,1
DA:14,1
DA:18,12
DA:31,1
DA:33,1
LF:10
LH:10
BRDA:17,0,0,0
BRDA:17,1,0,12
BRF:2
BRH:1
end_of_record
TN:
SF:src/components/ui/progress.tsx
FN:9,(anonymous_0)
FNF:1
FNH:1
FNDA:7,(anonymous_0)
DA:1,1
DA:2,1
DA:4,1
DA:6,1
DA:10,7
DA:24,1
DA:26,1
LF:7
LH:7
BRDA:20,0,0,7
BRDA:20,0,1,0
BRF:2
BRH:1
end_of_record
TN:
SF:src/components/ui/select.tsx
FN:16,(anonymous_0)
FN:36,(anonymous_1)
FN:53,(anonymous_2)
FN:71,(anonymous_3)
FN:103,(anonymous_4)
FN:115,(anonymous_5)
FN:137,(anonymous_6)
FNF:7
FNH:5
FNDA:12,(anonymous_0)
FNDA:12,(anonymous_1)
FNDA:12,(anonymous_2)
FNDA:12,(anonymous_3)
FNDA:0,(anonymous_4)
FNDA:36,(anonymous_5)
FNDA:0,(anonymous_6)
DA:1,1
DA:2,1
DA:3,1
DA:5,1
DA:7,1
DA:9,1
DA:11,1
DA:13,1
DA:17,12
DA:31,1
DA:33,1
DA:37,12
DA:48,1
DA:50,1
DA:54,12
DA:65,1
DA:68,1
DA:72,12
DA:98,1
DA:100,1
DA:104,0
DA:110,1
DA:112,1
DA:116,36
DA:132,1
DA:134,1
DA:138,0
DA:144,1
DA:147,1
DA:148,1
DA:149,1
DA:150,1
DA:151,1
DA:152,1
DA:153,1
DA:154,1
DA:155,1
DA:156,1
LF:38
LH:36
BRDA:71,0,0,12
BRDA:77,1,0,12
BRDA:77,1,1,12
BRDA:88,2,0,12
BRDA:88,2,1,12
BRF:5
BRH:5
end_of_record
TN:
SF:src/components/ui/slider.tsx
FN:9,(anonymous_0)
FNF:1
FNH:1
FNDA:6,(anonymous_0)
DA:1,1
DA:2,1
DA:4,1
DA:6,1
DA:10,6
DA:24,1
DA:26,1
LF:7
LH:7
BRF:0
BRH:0
end_of_record
TN:
SF:src/components/ui/textarea.tsx
FN:8,(anonymous_0)
FNF:1
FNH:1
FNDA:6,(anonymous_0)
DA:1,1
DA:3,1
DA:5,1
DA:9,6
DA:20,1
DA:22,1
LF:6
LH:6
BRF:0
BRH:0
end_of_record
TN:
SF:src/features/tasks/hooks.ts
FN:11,useTasks
FN:18,useCreateTask
FN:23,(anonymous_2)
FN:29,useUpdateTask
FN:34,(anonymous_4)
FN:39,(anonymous_5)
FN:41,(anonymous_6)
FN:48,(anonymous_7)
FN:53,(anonymous_8)
FN:59,useDeleteTask
FN:64,(anonymous_10)
FN:70,useAddComment
FN:74,(anonymous_12)
FN:83,(anonymous_13)
FNF:14
FNH:3
FNDA:0,useTasks
FNDA:11,useCreateTask
FNDA:0,(anonymous_2)
FNDA:11,useUpdateTask
FNDA:0,(anonymous_4)
FNDA:0,(anonymous_5)
FNDA:0,(anonymous_6)
FNDA:0,(anonymous_7)
FNDA:0,(anonymous_8)
FNDA:7,useDeleteTask
FNDA:0,(anonymous_10)
FNDA:0,useAddComment
FNDA:0,(anonymous_12)
FNDA:0,(anonymous_13)
DA:1,2
DA:2,2
DA:11,2
DA:12,0
DA:18,2
DA:19,11
DA:21,11
DA:24,0
DA:29,2
DA:30,11
DA:32,11
DA:35,0
DA:37,0
DA:39,0
DA:40,0
DA:41,0
DA:42,0
DA:46,0
DA:49,0
DA:50,0
DA:54,0
DA:59,2
DA:60,7
DA:62,7
DA:65,0
DA:70,2
DA:71,0
DA:73,0
DA:82,0
DA:84,0
LF:30
LH:13
BRDA:40,0,0,0
BRDA:40,0,1,0
BRDA:42,1,0,0
BRDA:42,1,1,0
BRDA:49,2,0,0
BRDA:49,2,1,0
BRF:6
BRH:0
end_of_record
TN:
SF:src/features/tasks/tasksSlice.ts
FN:36,(anonymous_0)
FN:44,(anonymous_1)
FN:50,(anonymous_2)
FN:53,(anonymous_3)
FN:61,(anonymous_4)
FN:64,(anonymous_5)
FN:67,(anonymous_6)
FN:75,(anonymous_7)
FN:79,(anonymous_8)
FN:83,(anonymous_9)
FNF:10
FNH:6
FNDA:3,(anonymous_0)
FNDA:1,(anonymous_1)
FNDA:0,(anonymous_2)
FNDA:2,(anonymous_3)
FNDA:0,(anonymous_4)
FNDA:1,(anonymous_5)
FNDA:1,(anonymous_6)
FNDA:0,(anonymous_7)
FNDA:0,(anonymous_8)
FNDA:2,(anonymous_9)
DA:1,2
DA:19,2
DA:32,2
DA:40,3
DA:41,3
DA:42,3
DA:45,1
DA:46,1
DA:47,1
DA:51,0
DA:54,2
DA:55,2
DA:56,1
DA:58,1
DA:62,0
DA:65,1
DA:68,1
DA:76,0
DA:80,0
DA:84,2
DA:85,2
DA:86,1
DA:88,1
DA:94,2
DA:107,2
LF:25
LH:21
BRDA:41,0,0,3
BRDA:41,0,1,2
BRDA:42,1,0,3
BRDA:42,1,1,2
BRDA:55,2,0,1
BRDA:55,2,1,1
BRDA:85,3,0,1
BRDA:85,3,1,1
BRF:8
BRH:8
end_of_record
TN:
SF:src/features/ui/uiSlice.ts
FN:19,(anonymous_0)
FN:22,(anonymous_1)
FN:25,(anonymous_2)
FN:29,(anonymous_3)
FN:33,(anonymous_4)
FNF:5
FNH:0
FNDA:0,(anonymous_0)
FNDA:0,(anonymous_1)
FNDA:0,(anonymous_2)
FNDA:0,(anonymous_3)
FNDA:0,(anonymous_4)
DA:1,1
DA:9,1
DA:15,1
DA:20,0
DA:23,0
DA:26,0
DA:27,0
DA:30,0
DA:31,0
DA:34,0
DA:35,0
DA:40,1
DA:48,1
LF:13
LH:5
BRDA:11,0,0,1
BRDA:11,0,1,1
BRDA:12,1,0,1
BRDA:12,1,1,1
BRDA:26,2,0,0
BRDA:26,2,1,0
BRF:6
BRH:4
end_of_record
TN:
SF:src/lib/utils.ts
FN:4,cn
FNF:1
FNH:1
FNDA:352,cn
DA:1,2
DA:2,2
DA:4,2
DA:5,352
LF:4
LH:4
BRF:0
BRH:0
end_of_record
