TN:
SF:src/App.tsx
FN:1,App
FNF:1
FNH:0
FNDA:0,App
DA:2,0
DA:11,0
LF:2
LH:0
BRF:0
BRH:0
end_of_record
TN:
SF:src/app/hooks.ts
FN:4,(anonymous_0)
FNF:1
FNH:0
FNDA:0,(anonymous_0)
DA:1,0
DA:4,0
DA:5,0
LF:3
LH:0
BRF:0
BRH:0
end_of_record
TN:
SF:src/app/store.ts
FNF:0
FNH:0
DA:1,0
DA:2,0
DA:3,0
DA:5,0
LF:4
LH:0
BRF:0
BRH:0
end_of_record
TN:
SF:src/components/DeleteConfirmDialog.tsx
FN:21,DeleteConfirmDialog
FNF:1
FNH:1
FNDA:7,DeleteConfirmDialog
DA:1,1
DA:21,1
DA:29,7
LF:3
LH:3
BRDA:25,0,0,0
BRDA:26,1,0,0
BRDA:27,2,0,0
BRDA:43,3,0,0
BRDA:43,3,1,7
BRF:5
BRH:1
end_of_record
TN:
SF:src/components/KanbanColumn.tsx
FN:36,SortableTaskCard
FN:65,KanbanColumn
FN:81,(anonymous_2)
FN:114,(anonymous_3)
FNF:4
FNH:0
FNDA:0,SortableTaskCard
FNDA:0,KanbanColumn
FNDA:0,(anonymous_2)
FNDA:0,(anonymous_3)
DA:1,0
DA:2,0
DA:4,0
DA:5,0
DA:10,0
DA:11,0
DA:12,0
DA:13,0
DA:24,0
DA:30,0
DA:50,0
DA:52,0
DA:58,0
DA:65,0
DA:73,0
DA:81,0
DA:83,0
DA:115,0
LF:18
LH:0
BRDA:55,0,0,0
BRDA:55,0,1,0
BRDA:109,1,0,0
BRDA:109,1,1,0
BRDA:118,2,0,0
BRDA:118,2,1,0
BRDA:118,2,2,0
BRF:7
BRH:0
end_of_record
TN:
SF:src/components/Sidebar.tsx
FN:48,Sidebar
FN:94,(anonymous_1)
FN:125,(anonymous_2)
FN:153,(anonymous_3)
FNF:4
FNH:0
FNDA:0,Sidebar
FNDA:0,(anonymous_1)
FNDA:0,(anonymous_2)
FNDA:0,(anonymous_3)
DA:1,0
DA:2,0
DA:3,0
DA:4,0
DA:5,0
DA:6,0
DA:7,0
DA:19,0
DA:20,0
DA:22,0
DA:30,0
DA:37,0
DA:48,0
DA:49,0
DA:50,0
DA:52,0
DA:95,0
DA:96,0
DA:126,0
DA:154,0
LF:20
LH:0
BRDA:56,0,0,0
BRDA:56,0,1,0
BRDA:72,1,0,0
BRDA:72,1,1,0
BRDA:100,2,0,0
BRDA:100,2,1,0
BRDA:103,3,0,0
BRDA:103,3,1,0
BRF:8
BRH:0
end_of_record
TN:
SF:src/components/TaskCard.tsx
FN:46,TaskCard
FN:50,(anonymous_1)
FN:59,(anonymous_2)
FN:78,(anonymous_3)
FN:96,(anonymous_4)
FN:118,(anonymous_5)
FN:124,(anonymous_6)
FN:190,(anonymous_7)
FN:205,(anonymous_8)
FNF:9
FNH:8
FNDA:7,TaskCard
FNDA:0,(anonymous_1)
FNDA:7,(anonymous_2)
FNDA:1,(anonymous_3)
FNDA:14,(anonymous_4)
FNDA:1,(anonymous_5)
FNDA:1,(anonymous_6)
FNDA:7,(anonymous_7)
FNDA:14,(anonymous_8)
DA:1,1
DA:2,1
DA:3,1
DA:4,1
DA:5,1
DA:11,1
DA:12,1
DA:14,1
DA:15,1
DA:16,1
DA:24,1
DA:25,1
DA:33,1
DA:40,1
DA:46,1
DA:47,7
DA:48,7
DA:50,7
DA:51,0
DA:52,0
DA:55,7
DA:56,7
DA:57,7
DA:59,7
DA:60,7
DA:61,0
DA:62,0
DA:63,0
DA:65,0
DA:68,0
DA:71,7
DA:78,1
DA:97,14
DA:118,1
DA:124,1
DA:191,7
DA:205,14
LF:37
LH:30
BRDA:55,0,0,7
BRDA:55,0,1,0
BRDA:56,1,0,7
BRDA:56,1,1,7
BRDA:57,2,0,7
BRDA:57,2,1,0
BRDA:60,3,0,7
BRDA:60,3,1,0
BRDA:60,4,0,7
BRDA:60,4,1,7
BRDA:61,5,0,0
BRDA:61,5,1,0
BRDA:74,6,0,1
BRDA:74,6,1,6
BRDA:75,7,0,1
BRDA:75,7,1,6
BRDA:78,8,0,1
BRDA:78,8,1,1
BRDA:105,9,0,7
BRDA:105,9,1,7
BRDA:140,10,0,7
BRDA:140,10,1,7
BRDA:154,11,0,7
BRDA:154,11,1,0
BRDA:165,12,0,7
BRDA:165,12,1,7
BRDA:176,13,0,7
BRDA:176,13,1,0
BRDA:188,14,0,7
BRDA:188,14,1,7
BRDA:201,15,0,7
BRDA:201,15,1,0
BRDA:212,16,0,7
BRDA:212,16,1,0
BRF:34
BRH:25
end_of_record
TN:
SF:src/components/TaskDetailsModal.tsx
FN:56,TaskDetailsModal
FN:69,(anonymous_1)
FN:78,(anonymous_2)
FN:86,(anonymous_3)
FN:106,(anonymous_4)
FN:118,(anonymous_5)
FN:125,(anonymous_6)
FN:202,(anonymous_7)
FN:213,(anonymous_8)
FN:236,(anonymous_9)
FN:271,(anonymous_10)
FN:282,(anonymous_11)
FN:310,(anonymous_12)
FN:311,(anonymous_13)
FNF:14
FNH:0
FNDA:0,TaskDetailsModal
FNDA:0,(anonymous_1)
FNDA:0,(anonymous_2)
FNDA:0,(anonymous_3)
FNDA:0,(anonymous_4)
FNDA:0,(anonymous_5)
FNDA:0,(anonymous_6)
FNDA:0,(anonymous_7)
FNDA:0,(anonymous_8)
FNDA:0,(anonymous_9)
FNDA:0,(anonymous_10)
FNDA:0,(anonymous_11)
FNDA:0,(anonymous_12)
FNDA:0,(anonymous_13)
DA:1,0
DA:2,0
DA:3,0
DA:4,0
DA:5,0
DA:11,0
DA:12,0
DA:13,0
DA:14,0
DA:15,0
DA:16,0
DA:19,0
DA:20,0
DA:21,0
DA:32,0
DA:42,0
DA:49,0
DA:56,0
DA:63,0
DA:64,0
DA:65,0
DA:67,0
DA:69,0
DA:70,0
DA:71,0
DA:79,0
DA:86,0
DA:87,0
DA:88,0
DA:89,0
DA:92,0
DA:107,0
DA:118,0
DA:125,0
DA:203,0
DA:213,0
DA:237,0
DA:272,0
DA:282,0
DA:310,0
DA:312,0
DA:313,0
DA:314,0
LF:43
LH:0
BRDA:67,0,0,0
BRDA:67,0,1,0
BRDA:70,1,0,0
BRDA:70,1,1,0
BRDA:137,2,0,0
BRDA:137,2,1,0
BRDA:150,3,0,0
BRDA:150,3,1,0
BRDA:164,4,0,0
BRDA:164,4,1,0
BRDA:177,5,0,0
BRDA:177,5,1,0
BRDA:195,6,0,0
BRDA:195,6,1,0
BRDA:195,6,2,0
BRDA:229,7,0,0
BRDA:229,7,1,0
BRDA:229,7,2,0
BRDA:266,8,0,0
BRDA:266,8,1,0
BRDA:312,9,0,0
BRDA:312,9,1,0
BRDA:312,10,0,0
BRDA:312,10,1,0
BRDA:322,11,0,0
BRDA:322,11,1,0
BRF:26
BRH:0
end_of_record
TN:
SF:src/components/TaskModal.tsx
FN:52,TaskModal
FN:87,(anonymous_1)
FN:111,(anonymous_2)
FN:176,(anonymous_3)
FN:195,(anonymous_4)
FN:274,(anonymous_5)
FNF:6
FNH:2
FNDA:11,TaskModal
FNDA:5,(anonymous_1)
FNDA:0,(anonymous_2)
FNDA:0,(anonymous_3)
FNDA:0,(anonymous_4)
FNDA:0,(anonymous_5)
DA:1,1
DA:2,1
DA:3,1
DA:10,1
DA:11,1
DA:12,1
DA:17,1
DA:24,1
DA:25,1
DA:26,1
DA:28,1
DA:29,1
DA:30,1
DA:31,1
DA:32,1
DA:33,1
DA:52,1
DA:58,11
DA:59,11
DA:60,11
DA:62,11
DA:63,11
DA:64,11
DA:73,11
DA:84,11
DA:85,11
DA:87,11
DA:88,5
DA:89,1
DA:90,1
DA:91,1
DA:92,1
DA:93,1
DA:94,1
DA:95,1
DA:96,1
DA:98,4
DA:105,4
DA:106,4
DA:107,4
DA:111,11
DA:112,0
DA:113,0
DA:120,0
DA:121,0
DA:123,0
DA:125,0
DA:126,0
DA:127,0
DA:128,0
DA:129,0
DA:131,0
DA:135,11
DA:177,0
DA:196,0
DA:274,0
LF:56
LH:42
BRDA:77,0,0,11
BRDA:77,0,1,11
BRDA:88,1,0,1
BRDA:88,1,1,4
BRDA:90,2,0,1
BRDA:90,2,1,0
BRDA:93,3,0,1
BRDA:93,3,1,1
BRDA:94,4,0,1
BRDA:94,4,1,1
BRDA:95,5,0,0
BRDA:95,5,1,1
BRDA:96,6,0,0
BRDA:96,6,1,1
BRDA:101,7,0,4
BRDA:101,7,1,4
BRDA:120,8,0,0
BRDA:120,8,1,0
BRDA:139,9,0,2
BRDA:139,9,1,9
BRDA:141,10,0,2
BRDA:141,10,1,9
BRDA:154,11,0,11
BRDA:154,11,1,1
BRDA:221,12,0,11
BRDA:221,12,1,11
BRDA:225,13,0,0
BRDA:225,13,1,11
BRDA:247,14,0,11
BRDA:247,14,1,11
BRDA:251,15,0,0
BRDA:251,15,1,11
BRDA:287,16,0,11
BRDA:287,16,1,11
BRDA:289,17,0,2
BRDA:289,17,1,9
BRF:36
BRH:29
end_of_record
TN:
SF:src/components/layout/AppLayout.tsx
FN:29,AppLayout
FN:33,(anonymous_1)
FN:34,(anonymous_2)
FN:36,(anonymous_3)
FN:42,(anonymous_4)
FN:46,(anonymous_5)
FN:51,(anonymous_6)
FN:59,(anonymous_7)
FN:70,(anonymous_8)
FN:104,(anonymous_9)
FN:107,(anonymous_10)
FN:120,(anonymous_11)
FNF:12
FNH:0
FNDA:0,AppLayout
FNDA:0,(anonymous_1)
FNDA:0,(anonymous_2)
FNDA:0,(anonymous_3)
FNDA:0,(anonymous_4)
FNDA:0,(anonymous_5)
FNDA:0,(anonymous_6)
FNDA:0,(anonymous_7)
FNDA:0,(anonymous_8)
FNDA:0,(anonymous_9)
FNDA:0,(anonymous_10)
FNDA:0,(anonymous_11)
DA:1,0
DA:3,0
DA:4,0
DA:6,0
DA:7,0
DA:13,0
DA:14,0
DA:15,0
DA:21,0
DA:22,0
DA:23,0
DA:29,0
DA:30,0
DA:31,0
DA:33,0
DA:34,0
DA:36,0
DA:37,0
DA:38,0
DA:39,0
DA:42,0
DA:43,0
DA:46,0
DA:47,0
DA:51,0
DA:52,0
DA:55,0
DA:59,0
DA:70,0
DA:104,0
DA:107,0
DA:120,0
LF:32
LH:0
BRDA:124,0,0,0
BRDA:124,0,1,0
BRDA:127,1,0,0
BRDA:127,1,1,0
BRF:4
BRH:0
end_of_record
TN:
SF:src/components/ui/alert-dialog.tsx
FN:16,(anonymous_9)
FN:31,(anonymous_10)
FN:46,(anonymous_11)
FN:60,(anonymous_12)
FN:77,(anonymous_13)
FN:89,(anonymous_14)
FN:102,(anonymous_15)
FN:114,(anonymous_16)
FNF:8
FNH:1
FNDA:0,(anonymous_9)
FNDA:7,(anonymous_10)
FNDA:0,(anonymous_11)
FNDA:0,(anonymous_12)
FNDA:0,(anonymous_13)
FNDA:0,(anonymous_14)
FNDA:0,(anonymous_15)
FNDA:0,(anonymous_16)
DA:1,1
DA:2,1
DA:4,1
DA:5,1
DA:7,1
DA:9,1
DA:11,1
DA:13,1
DA:17,0
DA:26,1
DA:28,1
DA:32,7
DA:44,1
DA:46,1
DA:50,0
DA:58,1
DA:60,1
DA:64,0
DA:72,1
DA:74,1
DA:78,0
DA:84,1
DA:86,1
DA:90,0
DA:96,1
DA:99,1
DA:103,0
DA:109,1
DA:111,1
DA:115,0
DA:125,1
DA:128,1
DA:129,1
DA:130,1
DA:131,1
DA:132,1
DA:133,1
DA:134,1
DA:135,1
DA:136,1
DA:137,1
DA:138,1
LF:42
LH:35
BRF:0
BRH:0
end_of_record
TN:
SF:src/components/ui/avatar.tsx
FN:11,(anonymous_9)
FN:26,(anonymous_10)
FN:38,(anonymous_11)
FNF:3
FNH:3
FNDA:7,(anonymous_9)
FNDA:7,(anonymous_10)
FNDA:7,(anonymous_11)
DA:3,1
DA:4,1
DA:6,1
DA:8,1
DA:12,7
DA:21,1
DA:23,1
DA:27,7
DA:33,1
DA:35,1
DA:39,7
DA:48,1
DA:50,1
LF:13
LH:13
BRF:0
BRH:0
end_of_record
TN:
SF:src/components/ui/badge.tsx
FN:31,Badge
FNF:1
FNH:1
FNDA:21,Badge
DA:1,1
DA:2,1
DA:4,1
DA:6,1
DA:32,21
DA:38,1
LF:6
LH:6
BRF:0
BRH:0
end_of_record
TN:
SF:src/components/ui/button.tsx
FN:45,(anonymous_9)
FNF:1
FNH:1
FNDA:50,(anonymous_9)
DA:1,2
DA:2,2
DA:3,2
DA:5,2
DA:7,2
DA:44,2
DA:46,50
DA:47,50
DA:56,2
DA:59,2
LF:10
LH:10
BRDA:45,0,0,50
BRDA:46,1,0,0
BRDA:46,1,1,50
BRF:3
BRH:2
end_of_record
TN:
SF:src/components/ui/calendar.tsx
FN:12,Calendar
FN:37,(anonymous_10)
FN:126,(anonymous_11)
FN:136,(anonymous_12)
FN:157,(anonymous_13)
FN:173,CalendarDayButton
FN:182,(anonymous_15)
FNF:7
FNH:0
FNDA:0,Calendar
FNDA:0,(anonymous_10)
FNDA:0,(anonymous_11)
FNDA:0,(anonymous_12)
FNDA:0,(anonymous_13)
FNDA:0,CalendarDayButton
FNDA:0,(anonymous_15)
DA:1,1
DA:2,1
DA:7,1
DA:9,1
DA:10,1
DA:24,0
DA:26,0
DA:38,0
DA:127,0
DA:137,0
DA:138,0
DA:143,0
DA:144,0
DA:152,0
DA:158,0
DA:179,0
DA:181,0
DA:182,0
DA:183,0
DA:186,0
DA:211,1
LF:21
LH:6
BRDA:15,0,0,0
BRDA:16,1,0,0
BRDA:17,2,0,0
BRDA:80,3,0,0
BRDA:80,3,1,0
BRDA:137,4,0,0
BRDA:137,4,1,0
BRDA:143,5,0,0
BRDA:143,5,1,0
BRDA:183,6,0,0
BRDA:183,6,1,0
BRDA:193,7,0,0
BRDA:193,7,1,0
BRDA:193,7,2,0
BRDA:193,7,3,0
BRF:15
BRH:0
end_of_record
TN:
SF:src/components/ui/card.tsx
FN:8,(anonymous_9)
FN:23,(anonymous_10)
FN:35,(anonymous_11)
FN:47,(anonymous_12)
FN:59,(anonymous_13)
FN:67,(anonymous_14)
FNF:6
FNH:1
FNDA:7,(anonymous_9)
FNDA:0,(anonymous_10)
FNDA:0,(anonymous_11)
FNDA:0,(anonymous_12)
FNDA:0,(anonymous_13)
FNDA:0,(anonymous_14)
DA:1,1
DA:3,1
DA:5,1
DA:9,7
DA:18,1
DA:20,1
DA:24,0
DA:30,1
DA:32,1
DA:36,0
DA:42,1
DA:44,1
DA:48,0
DA:54,1
DA:56,1
DA:60,0
DA:62,1
DA:64,1
DA:68,0
DA:74,1
DA:76,1
LF:21
LH:16
BRF:0
BRH:0
end_of_record
TN:
SF:src/components/ui/dialog.tsx
FN:18,(anonymous_9)
FN:33,(anonymous_10)
FN:54,(anonymous_11)
FN:68,(anonymous_12)
FN:85,(anonymous_13)
FN:100,(anonymous_14)
FNF:6
FNH:5
FNDA:11,(anonymous_9)
FNDA:11,(anonymous_10)
FNDA:6,(anonymous_11)
FNDA:0,(anonymous_12)
FNDA:6,(anonymous_13)
FNDA:6,(anonymous_14)
DA:1,1
DA:2,1
DA:3,1
DA:5,1
DA:7,1
DA:9,1
DA:11,1
DA:13,1
DA:15,1
DA:19,11
DA:28,1
DA:30,1
DA:34,11
DA:52,1
DA:54,1
DA:58,6
DA:66,1
DA:68,1
DA:72,0
DA:80,1
DA:82,1
DA:86,6
DA:95,1
DA:97,1
DA:101,6
DA:107,1
DA:110,1
DA:111,1
DA:112,1
DA:113,1
DA:114,1
DA:115,1
DA:116,1
DA:117,1
DA:118,1
DA:119,1
LF:36
LH:35
BRF:0
BRH:0
end_of_record
TN:
SF:src/components/ui/dropdown-menu.tsx
FN:26,(anonymous_9)
FN:46,(anonymous_10)
FN:62,(anonymous_11)
FN:83,(anonymous_12)
FN:99,(anonymous_13)
FN:123,(anonymous_14)
FN:147,(anonymous_15)
FN:163,(anonymous_16)
FN:172,(anonymous_17)
FNF:9
FNH:2
FNDA:0,(anonymous_9)
FNDA:0,(anonymous_10)
FNDA:7,(anonymous_11)
FNDA:2,(anonymous_12)
FNDA:0,(anonymous_13)
FNDA:0,(anonymous_14)
FNDA:0,(anonymous_15)
FNDA:0,(anonymous_16)
FNDA:0,(anonymous_17)
DA:3,1
DA:4,1
DA:5,1
DA:7,1
DA:9,1
DA:11,1
DA:13,1
DA:15,1
DA:17,1
DA:19,1
DA:21,1
DA:27,0
DA:40,1
DA:43,1
DA:47,0
DA:56,1
DA:59,1
DA:63,7
DA:76,1
DA:78,1
DA:84,2
DA:94,1
DA:96,1
DA:100,0
DA:117,1
DA:120,1
DA:124,0
DA:140,1
DA:142,1
DA:148,0
DA:158,1
DA:160,1
DA:164,0
DA:170,1
DA:172,1
DA:176,0
DA:183,1
DA:186,1
DA:187,1
DA:188,1
DA:189,1
DA:190,1
DA:191,1
DA:192,1
DA:193,1
DA:194,1
DA:195,1
DA:196,1
DA:197,1
DA:198,1
DA:199,1
DA:200,1
LF:52
LH:45
BRDA:31,0,0,0
BRDA:31,0,1,0
BRDA:62,1,0,7
BRDA:88,2,0,2
BRDA:88,2,1,0
BRDA:152,3,0,0
BRDA:152,3,1,0
BRF:7
BRH:2
end_of_record
TN:
SF:src/components/ui/input.tsx
FN:6,(anonymous_9)
FNF:1
FNH:1
FNDA:6,(anonymous_9)
DA:1,1
DA:3,1
DA:5,1
DA:7,6
DA:20,1
DA:22,1
LF:6
LH:6
BRF:0
BRH:0
end_of_record
TN:
SF:src/components/ui/label.tsx
FN:15,(anonymous_9)
FNF:1
FNH:1
FNDA:42,(anonymous_9)
DA:1,1
DA:2,1
DA:3,1
DA:5,1
DA:7,1
DA:11,1
DA:16,42
DA:22,1
DA:24,1
LF:9
LH:9
BRF:0
BRH:0
end_of_record
TN:
SF:src/components/ui/popover.tsx
FN:17,(anonymous_9)
FNF:1
FNH:1
FNDA:12,(anonymous_9)
DA:3,1
DA:4,1
DA:6,1
DA:8,1
DA:10,1
DA:12,1
DA:14,1
DA:18,12
DA:31,1
DA:33,1
LF:10
LH:10
BRDA:17,0,0,0
BRDA:17,1,0,12
BRF:2
BRH:1
end_of_record
TN:
SF:src/components/ui/progress.tsx
FN:9,(anonymous_9)
FNF:1
FNH:1
FNDA:7,(anonymous_9)
DA:1,1
DA:2,1
DA:4,1
DA:6,1
DA:10,7
DA:24,1
DA:26,1
LF:7
LH:7
BRDA:20,0,0,7
BRDA:20,0,1,0
BRF:2
BRH:1
end_of_record
TN:
SF:src/components/ui/scroll-area.tsx
FN:9,(anonymous_9)
FN:27,(anonymous_10)
FNF:2
FNH:0
FNDA:0,(anonymous_9)
FNDA:0,(anonymous_10)
DA:1,0
DA:2,0
DA:4,0
DA:6,0
DA:10,0
DA:22,0
DA:24,0
DA:28,0
DA:44,0
DA:46,0
LF:10
LH:0
BRDA:27,0,0,0
BRDA:33,1,0,0
BRDA:33,1,1,0
BRDA:35,2,0,0
BRDA:35,2,1,0
BRF:5
BRH:0
end_of_record
TN:
SF:src/components/ui/select.tsx
FN:16,(anonymous_9)
FN:36,(anonymous_10)
FN:53,(anonymous_11)
FN:71,(anonymous_12)
FN:103,(anonymous_13)
FN:115,(anonymous_14)
FN:137,(anonymous_15)
FNF:7
FNH:5
FNDA:12,(anonymous_9)
FNDA:12,(anonymous_10)
FNDA:12,(anonymous_11)
FNDA:12,(anonymous_12)
FNDA:0,(anonymous_13)
FNDA:36,(anonymous_14)
FNDA:0,(anonymous_15)
DA:1,1
DA:2,1
DA:3,1
DA:5,1
DA:7,1
DA:9,1
DA:11,1
DA:13,1
DA:17,12
DA:31,1
DA:33,1
DA:37,12
DA:48,1
DA:50,1
DA:54,12
DA:65,1
DA:68,1
DA:72,12
DA:98,1
DA:100,1
DA:104,0
DA:110,1
DA:112,1
DA:116,36
DA:132,1
DA:134,1
DA:138,0
DA:144,1
DA:147,1
DA:148,1
DA:149,1
DA:150,1
DA:151,1
DA:152,1
DA:153,1
DA:154,1
DA:155,1
DA:156,1
LF:38
LH:36
BRDA:71,0,0,12
BRDA:77,1,0,12
BRDA:77,1,1,12
BRDA:88,2,0,12
BRDA:88,2,1,12
BRF:5
BRH:5
end_of_record
TN:
SF:src/components/ui/separator.tsx
FN:10,(anonymous_9)
FNF:1
FNH:0
FNDA:0,(anonymous_9)
DA:1,0
DA:2,0
DA:4,0
DA:6,0
DA:14,0
DA:27,0
DA:29,0
LF:7
LH:0
BRDA:11,0,0,0
BRDA:11,1,0,0
BRDA:20,2,0,0
BRDA:20,2,1,0
BRF:4
BRH:0
end_of_record
TN:
SF:src/components/ui/slider.tsx
FN:9,(anonymous_9)
FNF:1
FNH:1
FNDA:6,(anonymous_9)
DA:1,1
DA:2,1
DA:4,1
DA:6,1
DA:10,6
DA:24,1
DA:26,1
LF:7
LH:7
BRF:0
BRH:0
end_of_record
TN:
SF:src/components/ui/switch.tsx
FN:9,(anonymous_9)
FNF:1
FNH:0
FNDA:0,(anonymous_9)
DA:1,0
DA:2,0
DA:4,0
DA:6,0
DA:10,0
DA:25,0
DA:27,0
LF:7
LH:0
BRF:0
BRH:0
end_of_record
TN:
SF:src/components/ui/table.tsx
FN:8,(anonymous_9)
FN:22,(anonymous_10)
FN:30,(anonymous_11)
FN:42,(anonymous_12)
FN:57,(anonymous_13)
FN:72,(anonymous_14)
FN:87,(anonymous_15)
FN:102,(anonymous_16)
FNF:8
FNH:0
FNDA:0,(anonymous_9)
FNDA:0,(anonymous_10)
FNDA:0,(anonymous_11)
FNDA:0,(anonymous_12)
FNDA:0,(anonymous_13)
FNDA:0,(anonymous_14)
FNDA:0,(anonymous_15)
FNDA:0,(anonymous_16)
DA:1,0
DA:3,0
DA:5,0
DA:9,0
DA:17,0
DA:19,0
DA:23,0
DA:25,0
DA:27,0
DA:31,0
DA:37,0
DA:39,0
DA:43,0
DA:52,0
DA:54,0
DA:58,0
DA:67,0
DA:69,0
DA:73,0
DA:82,0
DA:84,0
DA:88,0
DA:97,0
DA:99,0
DA:103,0
DA:109,0
DA:112,0
DA:113,0
DA:114,0
DA:115,0
DA:116,0
DA:117,0
DA:118,0
DA:119,0
LF:34
LH:0
BRF:0
BRH:0
end_of_record
TN:
SF:src/components/ui/textarea.tsx
FN:8,(anonymous_9)
FNF:1
FNH:1
FNDA:6,(anonymous_9)
DA:1,1
DA:3,1
DA:5,1
DA:9,6
DA:20,1
DA:22,1
LF:6
LH:6
BRF:0
BRH:0
end_of_record
TN:
SF:src/components/ui/tooltip.tsx
FN:17,(anonymous_9)
FNF:1
FNH:0
FNDA:0,(anonymous_9)
DA:3,0
DA:4,0
DA:6,0
DA:8,0
DA:10,0
DA:12,0
DA:14,0
DA:18,0
DA:30,0
DA:32,0
LF:10
LH:0
BRDA:17,0,0,0
BRF:1
BRH:0
end_of_record
TN:
SF:src/features/tasks/api.ts
FN:6,mapDummyTodoToTask
FN:52,fetchTasks
FN:60,createTask
FN:79,updateTask
FN:93,deleteTask
FN:100,addComment
FNF:6
FNH:0
FNDA:0,mapDummyTodoToTask
FNDA:0,fetchTasks
FNDA:0,createTask
FNDA:0,updateTask
FNDA:0,deleteTask
FNDA:0,addComment
DA:4,0
DA:8,0
DA:9,0
DA:10,0
DA:11,0
DA:12,0
DA:14,0
DA:17,0
DA:18,0
DA:20,0
DA:52,0
DA:53,0
DA:54,0
DA:55,0
DA:57,0
DA:60,0
DA:61,0
DA:70,0
DA:71,0
DA:73,0
DA:79,0
DA:80,0
DA:88,0
DA:90,0
DA:93,0
DA:94,0
DA:97,0
DA:100,0
DA:105,0
DA:106,0
DA:107,0
DA:109,0
DA:111,0
DA:118,0
LF:34
LH:0
BRDA:9,0,0,0
BRDA:9,0,1,0
BRDA:11,1,0,0
BRDA:11,1,1,0
BRDA:27,2,0,0
BRDA:27,2,1,0
BRDA:29,3,0,0
BRDA:29,3,1,0
BRDA:54,4,0,0
BRDA:54,4,1,0
BRDA:70,5,0,0
BRDA:70,5,1,0
BRDA:88,6,0,0
BRDA:88,6,1,0
BRDA:97,7,0,0
BRDA:97,7,1,0
BRDA:106,8,0,0
BRDA:106,8,1,0
BRDA:120,9,0,0
BRDA:120,9,1,0
BRF:20
BRH:0
end_of_record
TN:
SF:src/features/tasks/hooks.ts
FN:11,useTasks
FN:20,useCreateTask
FN:25,(anonymous_2)
FN:27,(anonymous_3)
FN:35,useUpdateTask
FN:40,(anonymous_5)
FN:45,(anonymous_6)
FN:47,(anonymous_7)
FN:54,(anonymous_8)
FN:62,useDeleteTask
FN:67,(anonymous_10)
FN:72,(anonymous_11)
FN:74,(anonymous_12)
FN:79,(anonymous_13)
FN:87,useAddComment
FN:91,(anonymous_15)
FN:100,(anonymous_16)
FN:112,(anonymous_17)
FN:114,(anonymous_18)
FN:123,(anonymous_19)
FNF:20
FNH:3
FNDA:0,useTasks
FNDA:11,useCreateTask
FNDA:0,(anonymous_2)
FNDA:0,(anonymous_3)
FNDA:11,useUpdateTask
FNDA:0,(anonymous_5)
FNDA:0,(anonymous_6)
FNDA:0,(anonymous_7)
FNDA:0,(anonymous_8)
FNDA:7,useDeleteTask
FNDA:0,(anonymous_10)
FNDA:0,(anonymous_11)
FNDA:0,(anonymous_12)
FNDA:0,(anonymous_13)
FNDA:0,useAddComment
FNDA:0,(anonymous_15)
FNDA:0,(anonymous_16)
FNDA:0,(anonymous_17)
FNDA:0,(anonymous_18)
FNDA:0,(anonymous_19)
DA:1,2
DA:2,2
DA:11,2
DA:12,0
DA:20,2
DA:21,11
DA:23,11
DA:27,0
DA:28,0
DA:29,0
DA:35,2
DA:36,11
DA:38,11
DA:41,0
DA:43,0
DA:45,0
DA:46,0
DA:47,0
DA:48,0
DA:52,0
DA:55,0
DA:56,0
DA:62,2
DA:63,7
DA:65,7
DA:68,0
DA:70,0
DA:72,0
DA:73,0
DA:74,0
DA:77,0
DA:80,0
DA:81,0
DA:87,2
DA:88,0
DA:90,0
DA:99,0
DA:101,0
DA:103,0
DA:105,0
DA:112,0
DA:113,0
DA:114,0
DA:115,0
DA:121,0
DA:124,0
DA:125,0
LF:47
LH:13
BRDA:28,0,0,0
BRDA:28,0,1,0
BRDA:46,1,0,0
BRDA:46,1,1,0
BRDA:48,2,0,0
BRDA:48,2,1,0
BRDA:55,3,0,0
BRDA:55,3,1,0
BRDA:73,4,0,0
BRDA:73,4,1,0
BRDA:80,5,0,0
BRDA:80,5,1,0
BRDA:113,6,0,0
BRDA:113,6,1,0
BRDA:115,7,0,0
BRDA:115,7,1,0
BRDA:116,8,0,0
BRDA:116,8,1,0
BRDA:124,9,0,0
BRDA:124,9,1,0
BRF:20
BRH:0
end_of_record
TN:
SF:src/features/tasks/selectors.ts
FN:4,(anonymous_0)
FN:5,(anonymous_1)
FN:9,(anonymous_2)
FN:14,(anonymous_3)
FN:19,(anonymous_4)
FN:24,(anonymous_5)
FNF:6
FNH:0
FNDA:0,(anonymous_0)
FNDA:0,(anonymous_1)
FNDA:0,(anonymous_2)
FNDA:0,(anonymous_3)
FNDA:0,(anonymous_4)
FNDA:0,(anonymous_5)
DA:2,0
DA:4,0
DA:5,0
DA:7,0
DA:9,0
DA:12,0
DA:14,0
DA:17,0
DA:19,0
DA:22,0
DA:24,0
LF:11
LH:0
BRF:0
BRH:0
end_of_record
TN:
SF:src/features/tasks/tasksSlice.ts
FN:36,(anonymous_0)
FN:44,(anonymous_1)
FN:50,(anonymous_2)
FN:53,(anonymous_3)
FN:61,(anonymous_4)
FN:64,(anonymous_5)
FN:67,(anonymous_6)
FN:75,(anonymous_7)
FN:79,(anonymous_8)
FN:83,(anonymous_9)
FNF:10
FNH:6
FNDA:3,(anonymous_0)
FNDA:1,(anonymous_1)
FNDA:0,(anonymous_2)
FNDA:2,(anonymous_3)
FNDA:0,(anonymous_4)
FNDA:1,(anonymous_5)
FNDA:1,(anonymous_6)
FNDA:0,(anonymous_7)
FNDA:0,(anonymous_8)
FNDA:2,(anonymous_9)
DA:1,2
DA:19,2
DA:32,2
DA:40,3
DA:41,3
DA:42,3
DA:45,1
DA:46,1
DA:47,1
DA:51,0
DA:54,2
DA:55,2
DA:56,1
DA:58,1
DA:62,0
DA:65,1
DA:68,1
DA:76,0
DA:80,0
DA:84,2
DA:85,2
DA:86,1
DA:88,1
DA:94,2
DA:107,2
LF:25
LH:21
BRDA:41,0,0,3
BRDA:41,0,1,2
BRDA:42,1,0,3
BRDA:42,1,1,2
BRDA:55,2,0,1
BRDA:55,2,1,1
BRDA:85,3,0,1
BRDA:85,3,1,1
BRF:8
BRH:8
end_of_record
TN:
SF:src/features/ui/uiSlice.ts
FN:19,(anonymous_0)
FN:22,(anonymous_1)
FN:25,(anonymous_2)
FN:29,(anonymous_3)
FN:33,(anonymous_4)
FNF:5
FNH:0
FNDA:0,(anonymous_0)
FNDA:0,(anonymous_1)
FNDA:0,(anonymous_2)
FNDA:0,(anonymous_3)
FNDA:0,(anonymous_4)
DA:1,1
DA:9,1
DA:15,1
DA:20,0
DA:23,0
DA:26,0
DA:27,0
DA:30,0
DA:31,0
DA:34,0
DA:35,0
DA:40,1
DA:48,1
LF:13
LH:5
BRDA:11,0,0,1
BRDA:11,0,1,1
BRDA:12,1,0,1
BRDA:12,1,1,1
BRDA:26,2,0,0
BRDA:26,2,1,0
BRF:6
BRH:4
end_of_record
TN:
SF:src/lib/i18n.ts
FNF:0
FNH:0
DA:1,0
DA:2,0
DA:4,0
DA:138,0
LF:4
LH:0
BRF:0
BRH:0
end_of_record
TN:
SF:src/lib/theme-context.ts
FN:10,(anonymous_0)
FNF:1
FNH:0
FNDA:0,(anonymous_0)
DA:1,0
DA:5,0
LF:2
LH:0
BRF:0
BRH:0
end_of_record
TN:
SF:src/lib/use-theme.ts
FN:4,(anonymous_0)
FNF:1
FNH:0
FNDA:0,(anonymous_0)
DA:1,0
DA:2,0
DA:4,0
LF:3
LH:0
BRF:0
BRH:0
end_of_record
TN:
SF:src/lib/utils.ts
FN:4,cn
FNF:1
FNH:1
FNDA:352,cn
DA:1,2
DA:2,2
DA:4,2
DA:5,352
LF:4
LH:4
BRF:0
BRH:0
end_of_record
TN:
SF:src/pages/CalendarPage.tsx
FN:24,CalendarPage
FN:34,(anonymous_1)
FN:36,(anonymous_2)
FN:42,(anonymous_3)
FN:43,(anonymous_4)
FN:45,(anonymous_5)
FN:50,(anonymous_6)
FN:54,(anonymous_7)
FN:70,(anonymous_8)
FN:89,(anonymous_9)
FN:101,(anonymous_10)
FN:125,(anonymous_11)
FN:136,(anonymous_12)
FN:143,(anonymous_13)
FN:163,(anonymous_14)
FN:171,(anonymous_15)
FN:178,(anonymous_16)
FN:219,(anonymous_17)
FN:220,(anonymous_18)
FN:224,(anonymous_19)
FNF:20
FNH:0
FNDA:0,CalendarPage
FNDA:0,(anonymous_1)
FNDA:0,(anonymous_2)
FNDA:0,(anonymous_3)
FNDA:0,(anonymous_4)
FNDA:0,(anonymous_5)
FNDA:0,(anonymous_6)
FNDA:0,(anonymous_7)
FNDA:0,(anonymous_8)
FNDA:0,(anonymous_9)
FNDA:0,(anonymous_10)
FNDA:0,(anonymous_11)
FNDA:0,(anonymous_12)
FNDA:0,(anonymous_13)
FNDA:0,(anonymous_14)
FNDA:0,(anonymous_15)
FNDA:0,(anonymous_16)
FNDA:0,(anonymous_17)
FNDA:0,(anonymous_18)
FNDA:0,(anonymous_19)
DA:1,0
DA:2,0
DA:3,0
DA:4,0
DA:5,0
DA:6,0
DA:7,0
DA:8,0
DA:9,0
DA:10,0
DA:12,0
DA:13,0
DA:14,0
DA:15,0
DA:17,0
DA:24,0
DA:25,0
DA:26,0
DA:27,0
DA:30,0
DA:31,0
DA:32,0
DA:34,0
DA:36,0
DA:37,0
DA:38,0
DA:41,0
DA:42,0
DA:43,0
DA:45,0
DA:46,0
DA:47,0
DA:50,0
DA:51,0
DA:54,0
DA:55,0
DA:58,0
DA:59,0
DA:66,0
DA:67,0
DA:70,0
DA:75,0
DA:89,0
DA:101,0
DA:126,0
DA:127,0
DA:128,0
DA:136,0
DA:144,0
DA:145,0
DA:146,0
DA:163,0
DA:172,0
DA:178,0
DA:219,0
DA:221,0
DA:222,0
DA:225,0
LF:58
LH:0
BRDA:26,0,0,0
BRDA:37,1,0,0
BRDA:37,1,1,0
BRDA:58,2,0,0
BRDA:58,2,1,0
BRDA:66,3,0,0
BRDA:66,3,1,0
BRDA:101,4,0,0
BRDA:101,4,1,0
BRDA:155,5,0,0
BRDA:155,5,1,0
BRDA:191,6,0,0
BRDA:191,6,1,0
BRDA:196,7,0,0
BRDA:196,7,1,0
BRDA:213,8,0,0
BRDA:213,8,1,0
BRF:17
BRH:0
end_of_record
TN:
SF:src/pages/DashboardPage.tsx
FN:7,DashboardPage
FN:12,(anonymous_1)
FN:13,(anonymous_2)
FN:14,(anonymous_3)
FN:52,(anonymous_4)
FNF:5
FNH:0
FNDA:0,DashboardPage
FNDA:0,(anonymous_1)
FNDA:0,(anonymous_2)
FNDA:0,(anonymous_3)
FNDA:0,(anonymous_4)
DA:1,0
DA:2,0
DA:4,0
DA:5,0
DA:7,0
DA:8,0
DA:10,0
DA:12,0
DA:13,0
DA:14,0
DA:17,0
DA:44,0
DA:53,0
LF:13
LH:0
BRDA:8,0,0,0
BRF:1
BRH:0
end_of_record
TN:
SF:src/pages/KanbanPage.tsx
FN:39,KanbanPage
FN:50,(anonymous_1)
FN:63,(anonymous_2)
FN:87,(anonymous_3)
FN:88,(anonymous_4)
FN:89,(anonymous_5)
FN:92,(anonymous_6)
FN:96,(anonymous_7)
FN:100,(anonymous_8)
FN:105,(anonymous_9)
FN:109,(anonymous_10)
FN:113,(anonymous_11)
FN:117,(anonymous_12)
FN:119,(anonymous_13)
FN:123,(anonymous_14)
FN:130,(anonymous_15)
FN:142,(anonymous_16)
FN:196,(anonymous_17)
FN:236,(anonymous_18)
FN:242,(anonymous_19)
FN:248,(anonymous_20)
FN:258,(anonymous_21)
FN:264,(anonymous_22)
FN:272,(anonymous_23)
FN:283,(anonymous_24)
FN:293,(anonymous_25)
FN:301,(anonymous_26)
FN:334,(anonymous_27)
FN:367,(anonymous_28)
FN:376,(anonymous_29)
FN:385,(anonymous_30)
FN:410,(anonymous_31)
FN:411,(anonymous_32)
FN:415,(anonymous_33)
FNF:34
FNH:0
FNDA:0,KanbanPage
FNDA:0,(anonymous_1)
FNDA:0,(anonymous_2)
FNDA:0,(anonymous_3)
FNDA:0,(anonymous_4)
FNDA:0,(anonymous_5)
FNDA:0,(anonymous_6)
FNDA:0,(anonymous_7)
FNDA:0,(anonymous_8)
FNDA:0,(anonymous_9)
FNDA:0,(anonymous_10)
FNDA:0,(anonymous_11)
FNDA:0,(anonymous_12)
FNDA:0,(anonymous_13)
FNDA:0,(anonymous_14)
FNDA:0,(anonymous_15)
FNDA:0,(anonymous_16)
FNDA:0,(anonymous_17)
FNDA:0,(anonymous_18)
FNDA:0,(anonymous_19)
FNDA:0,(anonymous_20)
FNDA:0,(anonymous_21)
FNDA:0,(anonymous_22)
FNDA:0,(anonymous_23)
FNDA:0,(anonymous_24)
FNDA:0,(anonymous_25)
FNDA:0,(anonymous_26)
FNDA:0,(anonymous_27)
FNDA:0,(anonymous_28)
FNDA:0,(anonymous_29)
FNDA:0,(anonymous_30)
FNDA:0,(anonymous_31)
FNDA:0,(anonymous_32)
FNDA:0,(anonymous_33)
DA:1,0
DA:2,0
DA:3,0
DA:4,0
DA:5,0
DA:6,0
DA:7,0
DA:15,0
DA:16,0
DA:23,0
DA:33,0
DA:34,0
DA:35,0
DA:36,0
DA:37,0
DA:39,0
DA:40,0
DA:41,0
DA:42,0
DA:43,0
DA:44,0
DA:45,0
DA:46,0
DA:47,0
DA:49,0
DA:50,0
DA:53,0
DA:55,0
DA:63,0
DA:64,0
DA:68,0
DA:70,0
DA:74,0
DA:76,0
DA:77,0
DA:78,0
DA:83,0
DA:86,0
DA:87,0
DA:88,0
DA:89,0
DA:92,0
DA:93,0
DA:96,0
DA:97,0
DA:100,0
DA:101,0
DA:102,0
DA:105,0
DA:106,0
DA:109,0
DA:110,0
DA:113,0
DA:114,0
DA:117,0
DA:118,0
DA:119,0
DA:120,0
DA:123,0
DA:124,0
DA:125,0
DA:127,0
DA:129,0
DA:130,0
DA:132,0
DA:133,0
DA:134,0
DA:137,0
DA:139,0
DA:140,0
DA:142,0
DA:143,0
DA:144,0
DA:148,0
DA:152,0
DA:155,0
DA:156,0
DA:157,0
DA:160,0
DA:161,0
DA:162,0
DA:169,0
DA:170,0
DA:182,0
DA:183,0
DA:196,0
DA:202,0
DA:236,0
DA:242,0
DA:248,0
DA:258,0
DA:265,0
DA:272,0
DA:283,0
DA:293,0
DA:301,0
DA:335,0
DA:367,0
DA:376,0
DA:385,0
DA:410,0
DA:412,0
DA:413,0
DA:416,0
LF:104
LH:0
BRDA:42,0,0,0
BRDA:64,1,0,0
BRDA:64,1,1,0
BRDA:65,2,0,0
BRDA:65,2,1,0
BRDA:70,3,0,0
BRDA:70,3,1,0
BRDA:71,4,0,0
BRDA:71,4,1,0
BRDA:76,5,0,0
BRDA:76,5,1,0
BRDA:79,6,0,0
BRDA:79,6,1,0
BRDA:120,7,0,0
BRDA:120,7,1,0
BRDA:127,8,0,0
BRDA:127,8,1,0
BRDA:132,9,0,0
BRDA:132,9,1,0
BRDA:139,10,0,0
BRDA:139,10,1,0
BRDA:143,11,0,0
BRDA:143,11,1,0
BRDA:148,12,0,0
BRDA:148,12,1,0
BRDA:149,13,0,0
BRDA:149,13,1,0
BRDA:155,14,0,0
BRDA:155,14,1,0
BRDA:160,15,0,0
BRDA:160,15,1,0
BRDA:169,16,0,0
BRDA:169,16,1,0
BRDA:182,17,0,0
BRDA:182,17,1,0
BRDA:223,18,0,0
BRDA:223,18,1,0
BRDA:223,18,2,0
BRDA:391,19,0,0
BRDA:391,19,1,0
BRDA:403,20,0,0
BRDA:403,20,1,0
BRDA:404,21,0,0
BRDA:404,21,1,0
BRF:44
BRH:0
end_of_record
TN:
SF:src/pages/TablePage.tsx
FN:57,TablePage
FN:64,(anonymous_1)
FN:86,(anonymous_2)
FN:90,(anonymous_3)
FN:96,(anonymous_4)
FN:100,(anonymous_5)
FN:106,(anonymous_6)
FN:110,(anonymous_7)
FN:116,(anonymous_8)
FN:120,(anonymous_9)
FN:130,(anonymous_10)
FN:137,(anonymous_11)
FN:146,(anonymous_12)
FN:150,(anonymous_13)
FN:160,(anonymous_14)
FN:171,(anonymous_15)
FN:175,(anonymous_16)
FN:185,(anonymous_17)
FN:195,(anonymous_18)
FN:205,(anonymous_19)
FN:210,(anonymous_20)
FN:229,(anonymous_21)
FN:230,(anonymous_22)
FN:271,(anonymous_23)
FN:291,(anonymous_24)
FN:340,(anonymous_25)
FN:342,(anonymous_26)
FN:360,(anonymous_27)
FN:365,(anonymous_28)
FN:384,(anonymous_29)
FNF:30
FNH:0
FNDA:0,TablePage
FNDA:0,(anonymous_1)
FNDA:0,(anonymous_2)
FNDA:0,(anonymous_3)
FNDA:0,(anonymous_4)
FNDA:0,(anonymous_5)
FNDA:0,(anonymous_6)
FNDA:0,(anonymous_7)
FNDA:0,(anonymous_8)
FNDA:0,(anonymous_9)
FNDA:0,(anonymous_10)
FNDA:0,(anonymous_11)
FNDA:0,(anonymous_12)
FNDA:0,(anonymous_13)
FNDA:0,(anonymous_14)
FNDA:0,(anonymous_15)
FNDA:0,(anonymous_16)
FNDA:0,(anonymous_17)
FNDA:0,(anonymous_18)
FNDA:0,(anonymous_19)
FNDA:0,(anonymous_20)
FNDA:0,(anonymous_21)
FNDA:0,(anonymous_22)
FNDA:0,(anonymous_23)
FNDA:0,(anonymous_24)
FNDA:0,(anonymous_25)
FNDA:0,(anonymous_26)
FNDA:0,(anonymous_27)
FNDA:0,(anonymous_28)
FNDA:0,(anonymous_29)
DA:1,0
DA:2,0
DA:3,0
DA:4,0
DA:5,0
DA:11,0
DA:12,0
DA:19,0
DA:27,0
DA:28,0
DA:34,0
DA:44,0
DA:45,0
DA:54,0
DA:55,0
DA:57,0
DA:58,0
DA:59,0
DA:60,0
DA:61,0
DA:63,0
DA:64,0
DA:67,0
DA:68,0
DA:69,0
DA:70,0
DA:72,0
DA:79,0
DA:86,0
DA:87,0
DA:90,0
DA:91,0
DA:92,0
DA:96,0
DA:97,0
DA:100,0
DA:101,0
DA:105,0
DA:106,0
DA:110,0
DA:117,0
DA:121,0
DA:131,0
DA:138,0
DA:147,0
DA:151,0
DA:161,0
DA:162,0
DA:172,0
DA:176,0
DA:186,0
DA:189,0
DA:196,0
DA:197,0
DA:205,0
DA:210,0
DA:229,0
DA:230,0
DA:232,0
DA:237,0
DA:239,0
DA:240,0
DA:245,0
DA:259,0
DA:260,0
DA:267,0
DA:268,0
DA:271,0
DA:276,0
DA:291,0
DA:341,0
DA:343,0
DA:361,0
DA:366,0
DA:384,0
LF:75
LH:0
BRDA:60,0,0,0
BRDA:91,1,0,0
BRDA:91,1,1,0
BRDA:139,2,0,0
BRDA:139,2,1,0
BRDA:232,3,0,0
BRDA:232,3,1,0
BRDA:237,4,0,0
BRDA:237,4,1,0
BRDA:239,5,0,0
BRDA:239,5,1,0
BRDA:240,6,0,0
BRDA:240,6,1,0
BRDA:240,6,2,0
BRDA:259,7,0,0
BRDA:259,7,1,0
BRDA:267,8,0,0
BRDA:267,8,1,0
BRDA:347,9,0,0
BRDA:347,9,1,0
BRDA:359,10,0,0
BRDA:359,10,1,0
BRDA:363,11,0,0
BRDA:363,11,1,0
BRDA:399,12,0,0
BRDA:399,12,1,0
BRF:26
BRH:0
end_of_record
TN:
SF:src/pages/TeamPage.tsx
FN:13,TeamPage
FN:22,(anonymous_1)
FN:23,(anonymous_2)
FN:41,(anonymous_3)
FN:70,(anonymous_4)
FN:77,(anonymous_5)
FN:97,(anonymous_6)
FNF:7
FNH:0
FNDA:0,TeamPage
FNDA:0,(anonymous_1)
FNDA:0,(anonymous_2)
FNDA:0,(anonymous_3)
FNDA:0,(anonymous_4)
FNDA:0,(anonymous_5)
FNDA:0,(anonymous_6)
DA:1,0
DA:2,0
DA:3,0
DA:4,0
DA:5,0
DA:6,0
DA:7,0
DA:9,0
DA:10,0
DA:11,0
DA:13,0
DA:14,0
DA:15,0
DA:17,0
DA:22,0
DA:23,0
DA:24,0
DA:25,0
DA:31,0
DA:32,0
DA:33,0
DA:34,0
DA:39,0
DA:41,0
DA:42,0
DA:45,0
DA:70,0
DA:79,0
DA:83,0
DA:97,0
LF:30
LH:0
BRDA:14,0,0,0
BRDA:24,1,0,0
BRDA:24,1,1,0
BRDA:33,2,0,0
BRDA:33,2,1,0
BRDA:79,3,0,0
BRDA:79,3,1,0
BRDA:94,4,0,0
BRDA:94,4,1,0
BRDA:144,5,0,0
BRDA:144,5,1,0
BRF:11
BRH:0
end_of_record
TN:
SF:src/providers/I18nProvider.tsx
FN:4,I18nProvider
FNF:1
FNH:0
FNDA:0,I18nProvider
DA:1,0
DA:4,0
DA:5,0
LF:3
LH:0
BRF:0
BRH:0
end_of_record
TN:
SF:src/providers/QueryProvider.tsx
FN:6,QueryProvider
FNF:1
FNH:0
FNDA:0,QueryProvider
DA:1,0
DA:4,0
DA:6,0
DA:7,0
LF:4
LH:0
BRF:0
BRH:0
end_of_record
TN:
SF:src/providers/ThemeProvider.tsx
FN:4,ThemeProvider
FN:6,(anonymous_1)
FN:9,(anonymous_2)
FN:16,(anonymous_3)
FN:17,(anonymous_4)
FNF:5
FNH:0
FNDA:0,ThemeProvider
FNDA:0,(anonymous_1)
FNDA:0,(anonymous_2)
FNDA:0,(anonymous_3)
FNDA:0,(anonymous_4)
DA:1,0
DA:2,0
DA:4,0
DA:5,0
DA:6,0
DA:9,0
DA:10,0
DA:11,0
DA:12,0
DA:13,0
DA:16,0
DA:17,0
DA:19,0
LF:13
LH:0
BRDA:6,0,0,0
BRDA:6,0,1,0
BRDA:17,1,0,0
BRDA:17,1,1,0
BRF:4
BRH:0
end_of_record
TN:
SF:src/routes/AppRoutes.tsx
FN:9,AppRoutes
FNF:1
FNH:0
FNDA:0,AppRoutes
DA:1,0
DA:2,0
DA:3,0
DA:4,0
DA:5,0
DA:6,0
DA:7,0
DA:9,0
DA:10,0
LF:9
LH:0
BRF:0
BRH:0
end_of_record
